#
# There is insufficient memory for the Java Runtime Environment to continue.
# Native memory allocation (mmap) failed to map 5242880 bytes for G1 virtual space
# Possible reasons:
#   The system is out of physical RAM or swap space
#   The process is running with CompressedOops enabled, and the Java Heap may be blocking the growth of the native heap
# Possible solutions:
#   Reduce memory load on the system
#   Increase physical memory or swap space
#   Check if swap backing store is full
#   Decrease Java heap size (-Xmx/-Xms)
#   Decrease number of Java threads
#   Decrease Java thread stack sizes (-Xss)
#   Set larger code cache with -XX:ReservedCodeCacheSize=
#   JVM is running with Unscaled Compressed Oops mode in which the Java heap is
#     placed in the first 4GB address space. The Java Heap base address is the
#     maximum limit for the native heap growth. Please use -XX:HeapBaseMinAddress
#     to set the Java Heap base and to place the Java Heap above 4GB virtual address.
# This output file may be truncated or incomplete.
#
#  Out of Memory Error (./open/src/hotspot/os/windows/os_windows.cpp:3321), pid=17500, tid=5960
#
# JRE version: OpenJDK Runtime Environment (15.0.2+7) (build 15.0.2+7-27)
# Java VM: OpenJDK 64-Bit Server VM (15.0.2+7-27, mixed mode, tiered, compressed oops, g1 gc, windows-amd64)
# No core dump will be written. Minidumps are not enabled by default on client versions of Windows
#

---------------  S U M M A R Y ------------

Command Line: -Dfile.encoding=Cp1252 -XX:+ShowCodeDetailsInExceptionMessages main.index

Host: Intel(R) Core(TM) i5-2450M CPU @ 2.50GHz, 4 cores, 3G,  Windows 10 , 64 bit Build 17763 (10.0.17763.475)
Time: Wed Jun 16 03:37:15 2021 Pacific Daylight Time elapsed time: 9.088896 seconds (0d 0h 0m 9s)

---------------  T H R E A D  ---------------

Current thread (0x0000023a70a3a6f0):  VMThread "VM Thread" [stack: 0x000000a77f000000,0x000000a77f100000] [id=5960]

Stack: [0x000000a77f000000,0x000000a77f100000]
[error occurred during error reporting (printing stack bounds), id 0xc0000005, EXCEPTION_ACCESS_VIOLATION (0xc0000005) at pc=0x0000023a5cfd10ad]

Native frames: (J=compiled Java code, j=interpreted, Vv=VM code, C=native code)
V  [jvm.dll+0x62ae9a]
V  [jvm.dll+0x7817a9]
V  [jvm.dll+0x782f03]
V  [jvm.dll+0x7834c5]
V  [jvm.dll+0x78347b]
V  [jvm.dll+0x62a2b9]
V  [jvm.dll+0x62aa88]
C  [ntdll.dll+0xa41bf]
C  [ntdll.dll+0x4bef]
C  [ntdll.dll+0xa2f2e]
C  0x0000023a5cfd10ad

VM_Operation (0x000000a77ecff150): G1Concurrent, mode: safepoint, requested by thread 0x0000023a595fe640


---------------  P R O C E S S  ---------------

Threads class SMR info:
_java_thread_list=0x0000023a71dec3a0, length=17, elements={
0x0000023a70a70010, 0x0000023a70a70ac0, 0x0000023a70a93720, 0x0000023a70a98100,
0x0000023a70a98bb0, 0x0000023a70a99a40, 0x0000023a70a9b740, 0x0000023a70a9e450,
0x0000023a715584e0, 0x0000023a715655a0, 0x0000023a7198abe0, 0x0000023a71997b90,
0x0000023a71a1f030, 0x0000023a71a228c0, 0x0000023a595cb320, 0x0000023a71b76c60,
0x0000023a71a7baa0
}

Java Threads: ( => current thread )
  0x0000023a70a70010 JavaThread "Reference Handler" daemon [_thread_blocked, id=14792, stack(0x000000a77f100000,0x000000a77f200000)]
  0x0000023a70a70ac0 JavaThread "Finalizer" daemon [_thread_blocked, id=12528, stack(0x000000a77f200000,0x000000a77f300000)]
  0x0000023a70a93720 JavaThread "Signal Dispatcher" daemon [_thread_blocked, id=17744, stack(0x000000a77f300000,0x000000a77f400000)]
  0x0000023a70a98100 JavaThread "Attach Listener" daemon [_thread_blocked, id=9540, stack(0x000000a77f400000,0x000000a77f500000)]
  0x0000023a70a98bb0 JavaThread "Service Thread" daemon [_thread_blocked, id=10936, stack(0x000000a77f500000,0x000000a77f600000)]
  0x0000023a70a99a40 JavaThread "C2 CompilerThread0" daemon [_thread_blocked, id=17488, stack(0x000000a77f600000,0x000000a77f700000)]
  0x0000023a70a9b740 JavaThread "C1 CompilerThread0" daemon [_thread_blocked, id=12992, stack(0x000000a77f700000,0x000000a77f800000)]
  0x0000023a70a9e450 JavaThread "Sweeper thread" daemon [_thread_blocked, id=9308, stack(0x000000a77f800000,0x000000a77f900000)]
  0x0000023a715584e0 JavaThread "Notification Thread" daemon [_thread_blocked, id=16140, stack(0x000000a77f900000,0x000000a77fa00000)]
  0x0000023a715655a0 JavaThread "Common-Cleaner" daemon [_thread_blocked, id=17740, stack(0x000000a77fb00000,0x000000a77fc00000)]
  0x0000023a7198abe0 JavaThread "Java2D Disposer" daemon [_thread_blocked, id=10548, stack(0x000000a77fc00000,0x000000a77fd00000)]
  0x0000023a71997b90 JavaThread "AWT-Shutdown" [_thread_blocked, id=12308, stack(0x000000a77fd00000,0x000000a77fe00000)]
  0x0000023a71a1f030 JavaThread "AWT-Windows" daemon [_thread_in_native, id=8756, stack(0x000000a77fe00000,0x000000a77ff00000)]
  0x0000023a71a228c0 JavaThread "AWT-EventQueue-0" [_thread_blocked, id=5840, stack(0x000000a77ff00000,0x000000a780000000)]
  0x0000023a595cb320 JavaThread "DestroyJavaVM" [_thread_blocked, id=8264, stack(0x000000a77ea00000,0x000000a77eb00000)]
  0x0000023a71b76c60 JavaThread "mysql-cj-abandoned-connection-cleanup" daemon [_thread_blocked, id=11080, stack(0x000000a700100000,0x000000a700200000)]
  0x0000023a71a7baa0 JavaThread "Image Fetcher 0" daemon [_thread_blocked, id=5760, stack(0x000000a700000000,0x000000a700100000)]

Other Threads:
=>0x0000023a70a3a6f0 VMThread "VM Thread" [stack: 0x000000a77f000000,0x000000a77f100000] [id=5960]
  0x0000023a715589b0 WatcherThread [stack: 0x000000a77fa00000,0x000000a77fb00000] [id=17936]
  0x0000023a595f39e0 GCTaskThread "GC Thread#0" [stack: 0x000000a77eb00000,0x000000a77ec00000] [id=15744]
  0x0000023a71b74700 GCTaskThread "GC Thread#1" [stack: 0x000000a700200000,0x000000a700300000] [id=16904]
  0x0000023a71b72d80 GCTaskThread "GC Thread#2" [stack: 0x000000a700300000,0x000000a700400000] [id=17916]
  0x0000023a71b73a40 GCTaskThread "GC Thread#3" [stack: 0x000000a700400000,0x000000a700500000] [id=13720]
  0x0000023a595fe640 ConcurrentGCThread "G1 Main Marker" [stack: 0x000000a77ec00000,0x000000a77ed00000] [id=7764]
  0x0000023a59600240 ConcurrentGCThread "G1 Conc#0" [stack: 0x000000a77ed00000,0x000000a77ee00000] [id=16912]
  0x0000023a59656070 ConcurrentGCThread "G1 Refine#0" [stack: 0x000000a77ee00000,0x000000a77ef00000] [id=10744]
  0x0000023a71dc1e60 ConcurrentGCThread "G1 Refine#1" [stack: 0x000000a700500000,0x000000a700600000] [id=14928]
  0x0000023a71dddd80 ConcurrentGCThread "G1 Refine#2" [stack: 0x000000a700600000,0x000000a700700000] [id=7176]
  0x0000023a59656c70 ConcurrentGCThread "G1 Young RemSet Sampling" [stack: 0x000000a77ef00000,0x000000a77f000000] [id=17584]

Threads with active compile tasks:
C2 CompilerThread0    10795 1972 %     4       sun.awt.image.ImageRepresentation::convertToRGB @ 151 (294 bytes)

VM state: at safepoint (normal execution)

VM Mutex/Monitor currently owned by a thread:  ([mutex/lock_event])
[0x0000023a595c8300] Threads_lock - owner thread: 0x0000023a70a3a6f0
[0x0000023a595c7fa0] Heap_lock - owner thread: 0x0000023a595fe640

Heap address: 0x00000000c0e00000, size: 1010 MB, Compressed Oops mode: 32-bit
CDS disabled.
Compressed class space mapped at: 0x0000000100000000-0x0000000140000000, size: 1073741824
Narrow klass base: 0x0000000000000000, Narrow klass shift: 3, Narrow klass range: 0x140000000

GC Precious Log:
 CPUs: 4 total, 4 available
 Memory: 4039M
 Large Page Support: Disabled
 NUMA Support: Disabled
 Compressed Oops: Enabled (32-bit)
 Heap Region Size: 1M
 Heap Min Capacity: 8M
 Heap Initial Capacity: 64M
 Heap Max Capacity: 1010M
 Pre-touch: Disabled
 Parallel Workers: 4
 Concurrent Workers: 1
 Concurrent Refinement Workers: 4
 Periodic GC: Disabled

Heap:
 garbage-first heap   total 75776K, used 42704K [0x00000000c0e00000, 0x0000000100000000)
  region size 1024K, 2 young (2048K), 1 survivors (1024K)
 Metaspace       used 24648K, capacity 24877K, committed 25136K, reserved 1071104K
  class space    used 2511K, capacity 2584K, committed 2688K, reserved 1048576K

Heap Regions: E=young(eden), S=young(survivor), O=old, HS=humongous(starts), HC=humongous(continues), CS=collection set, F=free, OA=open archive, CA=closed archive, TAMS=top-at-mark-start (previous, next)
|   0|0x00000000c0e00000, 0x00000000c0f00000, 0x00000000c0f00000|100%| O|  |TAMS 0x00000000c0f00000, 0x00000000c0e00000| Updating 
|   1|0x00000000c0f00000, 0x00000000c1000000, 0x00000000c1000000|100%| O|  |TAMS 0x00000000c1000000, 0x00000000c0f00000| Updating 
|   2|0x00000000c1000000, 0x00000000c1100000, 0x00000000c1100000|100%| O|  |TAMS 0x00000000c1100000, 0x00000000c1000000| Updating 
|   3|0x00000000c1100000, 0x00000000c1200000, 0x00000000c1200000|100%| O|  |TAMS 0x00000000c1200000, 0x00000000c1100000| Updating 
|   4|0x00000000c1200000, 0x00000000c1300000, 0x00000000c1300000|100%| O|  |TAMS 0x00000000c1300000, 0x00000000c1200000| Updating 
|   5|0x00000000c1300000, 0x00000000c13e2e00, 0x00000000c1400000| 88%| O|  |TAMS 0x00000000c13e2e00, 0x00000000c1300000| Updating 
|   6|0x00000000c1400000, 0x00000000c1500000, 0x00000000c1500000|100%|HS|  |TAMS 0x00000000c1500000, 0x00000000c1400000| Complete 
|   7|0x00000000c1500000, 0x00000000c1600000, 0x00000000c1600000|100%|HS|  |TAMS 0x00000000c1600000, 0x00000000c1500000| Complete 
|   8|0x00000000c1600000, 0x00000000c1700000, 0x00000000c1700000|100%|HS|  |TAMS 0x00000000c1700000, 0x00000000c1600000| Complete 
|   9|0x00000000c1700000, 0x00000000c1800000, 0x00000000c1800000|100%|HS|  |TAMS 0x00000000c1800000, 0x00000000c1700000| Complete 
|  10|0x00000000c1800000, 0x00000000c1800000, 0x00000000c1900000|  0%| F|  |TAMS 0x00000000c1800000, 0x00000000c1800000| Untracked 
|  11|0x00000000c1900000, 0x00000000c1a00000, 0x00000000c1a00000|100%| O|  |TAMS 0x00000000c1a00000, 0x00000000c1900000| Updating 
|  12|0x00000000c1a00000, 0x00000000c1b00000, 0x00000000c1b00000|100%| O|  |TAMS 0x00000000c1b00000, 0x00000000c1a00000| Updating 
|  13|0x00000000c1b00000, 0x00000000c1bc4400, 0x00000000c1c00000| 76%| O|  |TAMS 0x00000000c1bc4400, 0x00000000c1b00000| Updating 
|  14|0x00000000c1c00000, 0x00000000c1d00000, 0x00000000c1d00000|100%|HS|  |TAMS 0x00000000c1c00000, 0x00000000c1c00000| Complete 
|  15|0x00000000c1d00000, 0x00000000c1e00000, 0x00000000c1e00000|100%|HC|  |TAMS 0x00000000c1d00000, 0x00000000c1d00000| Complete 
|  16|0x00000000c1e00000, 0x00000000c1f00000, 0x00000000c1f00000|100%|HC|  |TAMS 0x00000000c1e00000, 0x00000000c1e00000| Complete 
|  17|0x00000000c1f00000, 0x00000000c2000000, 0x00000000c2000000|100%|HS|  |TAMS 0x00000000c1f00000, 0x00000000c1f00000| Complete 
|  18|0x00000000c2000000, 0x00000000c2100000, 0x00000000c2100000|100%|HC|  |TAMS 0x00000000c2000000, 0x00000000c2000000| Complete 
|  19|0x00000000c2100000, 0x00000000c2200000, 0x00000000c2200000|100%|HC|  |TAMS 0x00000000c2100000, 0x00000000c2100000| Complete 
|  20|0x00000000c2200000, 0x00000000c2200000, 0x00000000c2300000|  0%| F|  |TAMS 0x00000000c2200000, 0x00000000c2200000| Untracked 
|  21|0x00000000c2300000, 0x00000000c2300000, 0x00000000c2400000|  0%| F|  |TAMS 0x00000000c2300000, 0x00000000c2300000| Untracked 
|  22|0x00000000c2400000, 0x00000000c2400000, 0x00000000c2500000|  0%| F|  |TAMS 0x00000000c2400000, 0x00000000c2400000| Untracked 
|  23|0x00000000c2500000, 0x00000000c2500000, 0x00000000c2600000|  0%| F|  |TAMS 0x00000000c2500000, 0x00000000c2500000| Untracked 
|  24|0x00000000c2600000, 0x00000000c2600000, 0x00000000c2700000|  0%| F|  |TAMS 0x00000000c2600000, 0x00000000c2600000| Untracked 
|  25|0x00000000c2700000, 0x00000000c2700000, 0x00000000c2800000|  0%| F|  |TAMS 0x00000000c2700000, 0x00000000c2700000| Untracked 
|  26|0x00000000c2800000, 0x00000000c2800000, 0x00000000c2900000|  0%| F|  |TAMS 0x00000000c2800000, 0x00000000c2800000| Untracked 
|  27|0x00000000c2900000, 0x00000000c2900000, 0x00000000c2a00000|  0%| F|  |TAMS 0x00000000c2900000, 0x00000000c2900000| Untracked 
|  28|0x00000000c2a00000, 0x00000000c2a00000, 0x00000000c2b00000|  0%| F|  |TAMS 0x00000000c2a00000, 0x00000000c2a00000| Untracked 
|  29|0x00000000c2b00000, 0x00000000c2c00000, 0x00000000c2c00000|100%|HS|  |TAMS 0x00000000c2c00000, 0x00000000c2b00000| Complete 
|  30|0x00000000c2c00000, 0x00000000c2d00000, 0x00000000c2d00000|100%|HC|  |TAMS 0x00000000c2d00000, 0x00000000c2c00000| Complete 
|  31|0x00000000c2d00000, 0x00000000c2e00000, 0x00000000c2e00000|100%|HC|  |TAMS 0x00000000c2e00000, 0x00000000c2d00000| Complete 
|  32|0x00000000c2e00000, 0x00000000c2f00000, 0x00000000c2f00000|100%|HC|  |TAMS 0x00000000c2f00000, 0x00000000c2e00000| Complete 
|  33|0x00000000c2f00000, 0x00000000c3000000, 0x00000000c3000000|100%|HC|  |TAMS 0x00000000c3000000, 0x00000000c2f00000| Complete 
|  34|0x00000000c3000000, 0x00000000c3100000, 0x00000000c3100000|100%|HC|  |TAMS 0x00000000c3100000, 0x00000000c3000000| Complete 
|  35|0x00000000c3100000, 0x00000000c3200000, 0x00000000c3200000|100%|HC|  |TAMS 0x00000000c3200000, 0x00000000c3100000| Complete 
|  36|0x00000000c3200000, 0x00000000c3300000, 0x00000000c3300000|100%|HC|  |TAMS 0x00000000c3300000, 0x00000000c3200000| Complete 
|  37|0x00000000c3300000, 0x00000000c3400000, 0x00000000c3400000|100%|HC|  |TAMS 0x00000000c3400000, 0x00000000c3300000| Complete 
|  38|0x00000000c3400000, 0x00000000c3500000, 0x00000000c3500000|100%|HC|  |TAMS 0x00000000c3500000, 0x00000000c3400000| Complete 
|  39|0x00000000c3500000, 0x00000000c3600000, 0x00000000c3600000|100%|HC|  |TAMS 0x00000000c3600000, 0x00000000c3500000| Complete 
|  40|0x00000000c3600000, 0x00000000c3700000, 0x00000000c3700000|100%|HC|  |TAMS 0x00000000c3700000, 0x00000000c3600000| Complete 
|  41|0x00000000c3700000, 0x00000000c3800000, 0x00000000c3800000|100%|HC|  |TAMS 0x00000000c3800000, 0x00000000c3700000| Complete 
|  42|0x00000000c3800000, 0x00000000c3900000, 0x00000000c3900000|100%|HC|  |TAMS 0x00000000c3900000, 0x00000000c3800000| Complete 
|  43|0x00000000c3900000, 0x00000000c3a00000, 0x00000000c3a00000|100%|HC|  |TAMS 0x00000000c3a00000, 0x00000000c3900000| Complete 
|  44|0x00000000c3a00000, 0x00000000c3b00000, 0x00000000c3b00000|100%|HC|  |TAMS 0x00000000c3b00000, 0x00000000c3a00000| Complete 
|  45|0x00000000c3b00000, 0x00000000c3c00000, 0x00000000c3c00000|100%|HC|  |TAMS 0x00000000c3c00000, 0x00000000c3b00000| Complete 
|  46|0x00000000c3c00000, 0x00000000c3d00000, 0x00000000c3d00000|100%|HC|  |TAMS 0x00000000c3d00000, 0x00000000c3c00000| Complete 
|  47|0x00000000c3d00000, 0x00000000c3e00000, 0x00000000c3e00000|100%|HC|  |TAMS 0x00000000c3e00000, 0x00000000c3d00000| Complete 
|  48|0x00000000c3e00000, 0x00000000c3f00000, 0x00000000c3f00000|100%|HC|  |TAMS 0x00000000c3f00000, 0x00000000c3e00000| Complete 
|  49|0x00000000c3f00000, 0x00000000c4000000, 0x00000000c4000000|100%|HC|  |TAMS 0x00000000c4000000, 0x00000000c3f00000| Complete 
|  50|0x00000000c4000000, 0x00000000c4100000, 0x00000000c4100000|100%|HC|  |TAMS 0x00000000c4100000, 0x00000000c4000000| Complete 
|  51|0x00000000c4100000, 0x00000000c4200000, 0x00000000c4200000|100%|HC|  |TAMS 0x00000000c4200000, 0x00000000c4100000| Complete 
|  52|0x00000000c4200000, 0x00000000c4200000, 0x00000000c4300000|  0%| F|  |TAMS 0x00000000c4200000, 0x00000000c4200000| Untracked 
|  53|0x00000000c4300000, 0x00000000c4300000, 0x00000000c4400000|  0%| F|  |TAMS 0x00000000c4300000, 0x00000000c4300000| Untracked 
|  54|0x00000000c4400000, 0x00000000c4400000, 0x00000000c4500000|  0%| F|  |TAMS 0x00000000c4400000, 0x00000000c4400000| Untracked 
|  55|0x00000000c4500000, 0x00000000c4500000, 0x00000000c4600000|  0%| F|  |TAMS 0x00000000c4500000, 0x00000000c4500000| Untracked 
|  56|0x00000000c4600000, 0x00000000c4600000, 0x00000000c4700000|  0%| F|  |TAMS 0x00000000c4600000, 0x00000000c4600000| Untracked 
|  57|0x00000000c4700000, 0x00000000c4700000, 0x00000000c4800000|  0%| F|  |TAMS 0x00000000c4700000, 0x00000000c4700000| Untracked 
|  58|0x00000000c4800000, 0x00000000c4800000, 0x00000000c4900000|  0%| F|  |TAMS 0x00000000c4800000, 0x00000000c4800000| Untracked 
|  59|0x00000000c4900000, 0x00000000c4900000, 0x00000000c4a00000|  0%| F|  |TAMS 0x00000000c4900000, 0x00000000c4900000| Untracked 
|  60|0x00000000c4a00000, 0x00000000c4a0cf20, 0x00000000c4b00000|  5%| S|CS|TAMS 0x00000000c4a00000, 0x00000000c4a00000| Complete 
|  61|0x00000000c4b00000, 0x00000000c4b00000, 0x00000000c4c00000|  0%| F|  |TAMS 0x00000000c4b00000, 0x00000000c4b00000| Untracked 
|  62|0x00000000c4c00000, 0x00000000c4c00000, 0x00000000c4d00000|  0%| F|  |TAMS 0x00000000c4c00000, 0x00000000c4c00000| Untracked 
|  63|0x00000000c4d00000, 0x00000000c4d00000, 0x00000000c4e00000|  0%| F|  |TAMS 0x00000000c4d00000, 0x00000000c4d00000| Untracked 
|  64|0x00000000c4e00000, 0x00000000c4e00000, 0x00000000c4f00000|  0%| F|  |TAMS 0x00000000c4e00000, 0x00000000c4e00000| Untracked 
|  65|0x00000000c4f00000, 0x00000000c4f00000, 0x00000000c5000000|  0%| F|  |TAMS 0x00000000c4f00000, 0x00000000c4f00000| Untracked 
|  66|0x00000000c5000000, 0x00000000c5000000, 0x00000000c5100000|  0%| F|  |TAMS 0x00000000c5000000, 0x00000000c5000000| Untracked 
|  67|0x00000000c5100000, 0x00000000c5100000, 0x00000000c5200000|  0%| F|  |TAMS 0x00000000c5100000, 0x00000000c5100000| Untracked 
|  68|0x00000000c5200000, 0x00000000c52500b8, 0x00000000c5300000| 31%| E|  |TAMS 0x00000000c5200000, 0x00000000c5200000| Complete 

Card table byte_map: [0x0000023a6c1d0000,0x0000023a6c3d0000] _byte_map_base: 0x0000023a6bbc9000

Marking Bits (Prev, Next): (CMBitMap*) 0x0000023a595f4250, (CMBitMap*) 0x0000023a595f4290
 Prev Bits: [0x0000023a6c5d0000, 0x0000023a6d598000)
 Next Bits: [0x0000023a6d5a0000, 0x0000023a6e568000)

Polling page: 0x0000023a57440000

Metaspace:

Usage:
  Non-class:     21.77 MB capacity,    21.62 MB (>99%) used,   128.01 KB ( <1%) free+waste,    27.75 KB ( <1%) overhead. 
      Class:      2.52 MB capacity,     2.45 MB ( 97%) used,    63.45 KB (  2%) free+waste,     9.13 KB ( <1%) overhead. 
       Both:     24.29 MB capacity,    24.07 MB (>99%) used,   191.45 KB ( <1%) free+waste,    36.88 KB ( <1%) overhead. 

Virtual space:
  Non-class space:       22.00 MB reserved,      21.92 MB (>99%) committed 
      Class space:        1.00 GB reserved,       2.63 MB ( <1%) committed 
             Both:        1.02 GB reserved,      24.55 MB (  2%) committed 

Chunk freelists:
   Non-Class:  91.00 KB
       Class:  8.00 KB
        Both:  99.00 KB

MaxMetaspaceSize: 17179869184.00 GB
CompressedClassSpaceSize: 1.00 GB

CodeHeap 'non-profiled nmethods': size=120000Kb used=710Kb max_used=710Kb free=119289Kb
 bounds [0x0000023a64aa0000, 0x0000023a64d10000, 0x0000023a6bfd0000]
CodeHeap 'profiled nmethods': size=120000Kb used=3497Kb max_used=3497Kb free=116502Kb
 bounds [0x0000023a5d570000, 0x0000023a5d8e0000, 0x0000023a64aa0000]
CodeHeap 'non-nmethods': size=5760Kb used=1305Kb max_used=1325Kb free=4455Kb
 bounds [0x0000023a5cfd0000, 0x0000023a5d240000, 0x0000023a5d570000]
 total_blobs=2547 nmethods=1953 adapters=506
 compilation: enabled
              stopped_count=0, restarted_count=0
 full_count=0

Compilation events (20 events):
Event: 8.304 Thread 0x0000023a70a99a40 nmethod 1962 0x0000023a64b4f310 code [0x0000023a64b4f4c0, 0x0000023a64b4f658]
Event: 8.304 Thread 0x0000023a70a99a40 1964       4       java.awt.image.DirectColorModel::getAlpha (54 bytes)
Event: 8.306 Thread 0x0000023a70a99a40 nmethod 1964 0x0000023a64b4f810 code [0x0000023a64b4f980, 0x0000023a64b4fa18]
Event: 8.306 Thread 0x0000023a70a99a40 1963       4       java.awt.image.DirectColorModel::getRGB (105 bytes)
Event: 8.313 Thread 0x0000023a70a9b740 1967       3       java.lang.Math::round (56 bytes)
Event: 8.314 Thread 0x0000023a70a9b740 nmethod 1967 0x0000023a5d8d8f10 code [0x0000023a5d8d90a0, 0x0000023a5d8d9278]
Event: 8.320 Thread 0x0000023a70a99a40 nmethod 1963 0x0000023a64b4fb10 code [0x0000023a64b4fcc0, 0x0000023a64b4ff98]
Event: 8.320 Thread 0x0000023a70a99a40 1965       4       java.awt.image.DirectColorModel::getGreen (45 bytes)
Event: 8.321 Thread 0x0000023a70a9b740 1968       3       sun.awt.image.IntegerInterleavedRaster::getDataElements (101 bytes)
Event: 8.323 Thread 0x0000023a70a9b740 nmethod 1968 0x0000023a5d8d9310 code [0x0000023a5d8d94e0, 0x0000023a5d8d9a28]
Event: 8.323 Thread 0x0000023a70a9b740 1969       3       java.awt.image.DirectColorModel::getRGB (106 bytes)
Event: 8.324 Thread 0x0000023a70a9b740 nmethod 1969 0x0000023a5d8d9c10 code [0x0000023a5d8d9e20, 0x0000023a5d8da4a8]
Event: 8.327 Thread 0x0000023a70a99a40 nmethod 1965 0x0000023a64b50290 code [0x0000023a64b50440, 0x0000023a64b505d8]
Event: 8.327 Thread 0x0000023a70a99a40 1971       4       java.awt.image.DirectColorModel::getRGB (106 bytes)
Event: 8.345 Thread 0x0000023a70a99a40 nmethod 1971 0x0000023a64b50790 code [0x0000023a64b50960, 0x0000023a64b50c98]
Event: 8.345 Thread 0x0000023a70a99a40 1966       4       java.awt.image.DirectColorModel::getBlue (45 bytes)
Event: 8.352 Thread 0x0000023a70a99a40 nmethod 1966 0x0000023a64b51010 code [0x0000023a64b511c0, 0x0000023a64b51358]
Event: 8.352 Thread 0x0000023a70a99a40 1970       4       sun.awt.image.IntegerInterleavedRaster::getDataElements (101 bytes)
Event: 8.361 Thread 0x0000023a70a99a40 nmethod 1970 0x0000023a64b51510 code [0x0000023a64b516a0, 0x0000023a64b51898]
Event: 8.361 Thread 0x0000023a70a99a40 1972 %     4       sun.awt.image.ImageRepresentation::convertToRGB @ 151 (294 bytes)

GC Heap History (14 events):
Event: 3.234 GC heap before
{Heap before GC invocations=0 (full 0):
 garbage-first heap   total 65536K, used 13312K [0x00000000c0e00000, 0x0000000100000000)
  region size 1024K, 13 young (13312K), 0 survivors (0K)
 Metaspace       used 14466K, capacity 14706K, committed 14848K, reserved 1062912K
  class space    used 1385K, capacity 1482K, committed 1536K, reserved 1048576K
}
Event: 3.255 GC heap after
{Heap after GC invocations=1 (full 0):
 garbage-first heap   total 65536K, used 4446K [0x00000000c0e00000, 0x0000000100000000)
  region size 1024K, 2 young (2048K), 2 survivors (2048K)
 Metaspace       used 14466K, capacity 14706K, committed 14848K, reserved 1062912K
  class space    used 1385K, capacity 1482K, committed 1536K, reserved 1048576K
}
Event: 4.119 GC heap before
{Heap before GC invocations=1 (full 0):
 garbage-first heap   total 65536K, used 10590K [0x00000000c0e00000, 0x0000000100000000)
  region size 1024K, 9 young (9216K), 2 survivors (2048K)
 Metaspace       used 17539K, capacity 17720K, committed 17920K, reserved 1064960K
  class space    used 1690K, capacity 1740K, committed 1792K, reserved 1048576K
}
Event: 4.134 GC heap after
{Heap after GC invocations=2 (full 0):
 garbage-first heap   total 65536K, used 6042K [0x00000000c0e00000, 0x0000000100000000)
  region size 1024K, 2 young (2048K), 2 survivors (2048K)
 Metaspace       used 17539K, capacity 17720K, committed 17920K, reserved 1064960K
  class space    used 1690K, capacity 1740K, committed 1792K, reserved 1048576K
}
Event: 5.849 GC heap before
{Heap before GC invocations=2 (full 0):
 garbage-first heap   total 65536K, used 16282K [0x00000000c0e00000, 0x0000000100000000)
  region size 1024K, 13 young (13312K), 2 survivors (2048K)
 Metaspace       used 20971K, capacity 21195K, committed 21296K, reserved 1069056K
  class space    used 2082K, capacity 2168K, committed 2176K, reserved 1048576K
}
Event: 5.863 GC heap after
{Heap after GC invocations=3 (full 0):
 garbage-first heap   total 65536K, used 7375K [0x00000000c0e00000, 0x0000000100000000)
  region size 1024K, 2 young (2048K), 2 survivors (2048K)
 Metaspace       used 20971K, capacity 21195K, committed 21296K, reserved 1069056K
  class space    used 2082K, capacity 2168K, committed 2176K, reserved 1048576K
}
Event: 7.764 GC heap before
{Heap before GC invocations=4 (full 0):
 garbage-first heap   total 30720K, used 26831K [0x00000000c0e00000, 0x0000000100000000)
  region size 1024K, 19 young (19456K), 2 survivors (2048K)
 Metaspace       used 24602K, capacity 24875K, committed 25136K, reserved 1071104K
  class space    used 2508K, capacity 2584K, committed 2688K, reserved 1048576K
}
Event: 7.771 GC heap after
{Heap after GC invocations=5 (full 0):
 garbage-first heap   total 32768K, used 13195K [0x00000000c0e00000, 0x0000000100000000)
  region size 1024K, 3 young (3072K), 3 survivors (3072K)
 Metaspace       used 24602K, capacity 24875K, committed 25136K, reserved 1071104K
  class space    used 2508K, capacity 2584K, committed 2688K, reserved 1048576K
}
Event: 8.032 GC heap before
{Heap before GC invocations=6 (full 0):
 garbage-first heap   total 61440K, used 44939K [0x00000000c0e00000, 0x0000000100000000)
  region size 1024K, 12 young (12288K), 3 survivors (3072K)
 Metaspace       used 24618K, capacity 24877K, committed 25136K, reserved 1071104K
  class space    used 2508K, capacity 2584K, committed 2688K, reserved 1048576K
}
Event: 8.039 GC heap after
{Heap after GC invocations=7 (full 0):
 garbage-first heap   total 61440K, used 36587K [0x00000000c0e00000, 0x0000000100000000)
  region size 1024K, 1 young (1024K), 1 survivors (1024K)
 Metaspace       used 24618K, capacity 24877K, committed 25136K, reserved 1071104K
  class space    used 2508K, capacity 2584K, committed 2688K, reserved 1048576K
}
Event: 8.105 GC heap before
{Heap before GC invocations=7 (full 0):
 garbage-first heap   total 61440K, used 46827K [0x00000000c0e00000, 0x0000000100000000)
  region size 1024K, 12 young (12288K), 1 survivors (1024K)
 Metaspace       used 24618K, capacity 24877K, committed 25136K, reserved 1071104K
  class space    used 2508K, capacity 2584K, committed 2688K, reserved 1048576K
}
Event: 8.106 GC heap after
{Heap after GC invocations=8 (full 0):
 garbage-first heap   total 61440K, used 36547K [0x00000000c0e00000, 0x0000000100000000)
  region size 1024K, 1 young (1024K), 1 survivors (1024K)
 Metaspace       used 24618K, capacity 24877K, committed 25136K, reserved 1071104K
  class space    used 2508K, capacity 2584K, committed 2688K, reserved 1048576K
}
Event: 8.316 GC heap before
{Heap before GC invocations=9 (full 0):
 garbage-first heap   total 70656K, used 45763K [0x00000000c0e00000, 0x0000000100000000)
  region size 1024K, 12 young (12288K), 1 survivors (1024K)
 Metaspace       used 24646K, capacity 24877K, committed 25136K, reserved 1071104K
  class space    used 2511K, capacity 2584K, committed 2688K, reserved 1048576K
}
Event: 8.319 GC heap after
{Heap after GC invocations=10 (full 0):
 garbage-first heap   total 70656K, used 36560K [0x00000000c0e00000, 0x0000000100000000)
  region size 1024K, 1 young (1024K), 1 survivors (1024K)
 Metaspace       used 24646K, capacity 24877K, committed 25136K, reserved 1071104K
  class space    used 2511K, capacity 2584K, committed 2688K, reserved 1048576K
}

Deoptimization events (20 events):
Event: 7.536 Thread 0x0000023a71a228c0 Uncommon trap: trap_request=0xffffffc6 fr.pc=0x0000023a64af8770 relative=0x0000000000000410
Event: 7.536 Thread 0x0000023a71a228c0 Uncommon trap: reason=bimorphic_or_optimized_type_check action=maybe_recompile pc=0x0000023a64af8770 method=java.util.HashMap.getNode(Ljava/lang/Object;)Ljava/util/HashMap$Node; @ 128 c2
Event: 7.536 Thread 0x0000023a71a228c0 DEOPT PACKING pc=0x0000023a64af8770 sp=0x000000a77fffe360
Event: 7.536 Thread 0x0000023a71a228c0 DEOPT UNPACKING pc=0x0000023a5d01e42f sp=0x000000a77fffe2d8 mode 2
Event: 7.536 Thread 0x0000023a71a228c0 Uncommon trap: trap_request=0xffffffc6 fr.pc=0x0000023a64af8770 relative=0x0000000000000410
Event: 7.536 Thread 0x0000023a71a228c0 Uncommon trap: reason=bimorphic_or_optimized_type_check action=maybe_recompile pc=0x0000023a64af8770 method=java.util.HashMap.getNode(Ljava/lang/Object;)Ljava/util/HashMap$Node; @ 128 c2
Event: 7.536 Thread 0x0000023a71a228c0 DEOPT PACKING pc=0x0000023a64af8770 sp=0x000000a77fffe360
Event: 7.536 Thread 0x0000023a71a228c0 DEOPT UNPACKING pc=0x0000023a5d01e42f sp=0x000000a77fffe2d8 mode 2
Event: 7.536 Thread 0x0000023a71a228c0 Uncommon trap: trap_request=0xffffffc6 fr.pc=0x0000023a64af8770 relative=0x0000000000000410
Event: 7.536 Thread 0x0000023a71a228c0 Uncommon trap: reason=bimorphic_or_optimized_type_check action=maybe_recompile pc=0x0000023a64af8770 method=java.util.HashMap.getNode(Ljava/lang/Object;)Ljava/util/HashMap$Node; @ 128 c2
Event: 7.536 Thread 0x0000023a71a228c0 DEOPT PACKING pc=0x0000023a64af8770 sp=0x000000a77fffe360
Event: 7.536 Thread 0x0000023a71a228c0 DEOPT UNPACKING pc=0x0000023a5d01e42f sp=0x000000a77fffe2d8 mode 2
Event: 7.588 Thread 0x0000023a71a228c0 Uncommon trap: trap_request=0xffffff45 fr.pc=0x0000023a64ad9d50 relative=0x0000000000000230
Event: 7.588 Thread 0x0000023a71a228c0 Uncommon trap: reason=unstable_if action=reinterpret pc=0x0000023a64ad9d50 method=java.util.concurrent.ConcurrentHashMap.get(Ljava/lang/Object;)Ljava/lang/Object; @ 76 c2
Event: 7.588 Thread 0x0000023a71a228c0 DEOPT PACKING pc=0x0000023a64ad9d50 sp=0x000000a77fffd400
Event: 7.588 Thread 0x0000023a71a228c0 DEOPT UNPACKING pc=0x0000023a5d01e42f sp=0x000000a77fffd378 mode 2
Event: 8.016 Thread 0x0000023a71a7baa0 Uncommon trap: trap_request=0xffffff45 fr.pc=0x0000023a64b03010 relative=0x00000000000003f0
Event: 8.016 Thread 0x0000023a71a7baa0 Uncommon trap: reason=unstable_if action=reinterpret pc=0x0000023a64b03010 method=java.io.ByteArrayInputStream.read([BII)I @ 35 c2
Event: 8.016 Thread 0x0000023a71a7baa0 DEOPT PACKING pc=0x0000023a64b03010 sp=0x000000a7000fe5e0
Event: 8.016 Thread 0x0000023a71a7baa0 DEOPT UNPACKING pc=0x0000023a5d01e42f sp=0x000000a7000fe5a0 mode 2

Classes unloaded (0 events):
No events

Classes redefined (0 events):
No events

Internal exceptions (20 events):
Event: 1.202 Thread 0x0000023a595cb320 Exception <a 'java/lang/NoSuchMethodError'{0x00000000c4c88a58}: 'java.lang.Object java.lang.invoke.DirectMethodHandle$Holder.invokeStatic(java.lang.Object)'> (0x00000000c4c88a58) 
thrown [./open/src/hotspot/share/interpreter/linkResolver.cpp, line 782]
Event: 1.239 Thread 0x0000023a595cb320 Exception <a 'java/lang/NoSuchMethodError'{0x00000000c4c96ae0}: 'void java.lang.invoke.DirectMethodHandle$Holder.invokeSpecial(java.lang.Object, java.lang.Object, java.lang.Object)'> (0x00000000c4c96ae0) 
thrown [./open/src/hotspot/share/interpreter/linkResolver.cpp, line 782]
Event: 1.625 Thread 0x0000023a595cb320 Exception <a 'java/lang/NoSuchMethodError'{0x00000000c4867270}: 'java.lang.Object java.lang.invoke.DirectMethodHandle$Holder.invokeStaticInit(java.lang.Object)'> (0x00000000c4867270) 
thrown [./open/src/hotspot/share/interpreter/linkResolver.cpp, line 782]
Event: 1.933 Thread 0x0000023a71a228c0 Exception <a 'java/lang/NoSuchMethodError'{0x00000000c4784878}: 'java.lang.Object java.lang.invoke.DirectMethodHandle$Holder.newInvokeSpecial(java.lang.Object, java.lang.Object, java.lang.Object, java.lang.Object, java.lang.Object)'> (0x00000000c4784878) 
thrown [./open/src/hotspot/share/interpreter/linkResolver.cpp, line 782]
Event: 1.943 Thread 0x0000023a71a228c0 Exception <a 'java/lang/NoSuchMethodError'{0x00000000c4790550}: 'java.lang.Object java.lang.invoke.DirectMethodHandle$Holder.invokeStatic(java.lang.Object, int, java.lang.Object, java.lang.Object, java.lang.Object, java.lang.Object)'> (0x00000000c4790550) 
thrown [./open/src/hotspot/share/interpreter/linkResolver.cpp, line 782]
Event: 1.970 Thread 0x0000023a71a228c0 Exception <a 'java/lang/NoSuchMethodError'{0x00000000c47b67f8}: 'java.lang.Object java.lang.invoke.DirectMethodHandle$Holder.invokeStatic(java.lang.Object, int, java.lang.Object)'> (0x00000000c47b67f8) 
thrown [./open/src/hotspot/share/interpreter/linkResolver.cpp, line 782]
Event: 2.090 Thread 0x0000023a71a228c0 Exception <a 'java/lang/ClassNotFoundException'{0x00000000c466f8b8}: com/sun/swing/internal/plaf/metal/resources/spi/metalProvider> (0x00000000c466f8b8) 
thrown [./open/src/hotspot/share/classfile/systemDictionary.cpp, line 295]
Event: 2.096 Thread 0x0000023a71a228c0 Exception <a 'java/lang/ClassNotFoundException'{0x00000000c4673c18}: com/sun/swing/internal/plaf/basic/resources/spi/basicProvider> (0x00000000c4673c18) 
thrown [./open/src/hotspot/share/classfile/systemDictionary.cpp, line 295]
Event: 2.596 Thread 0x0000023a71a7baa0 Exception <a 'java/lang/NoSuchMethodError'{0x00000000c4445850}: 'java.lang.Object java.lang.invoke.DirectMethodHandle$Holder.newInvokeSpecial(java.lang.Object, java.lang.Object, java.lang.Object, int, int, int, int, int)'> (0x00000000c4445850) 
thrown [./open/src/hotspot/share/interpreter/linkResolver.cpp, line 782]
Event: 2.861 Thread 0x0000023a71a228c0 Exception <a 'java/lang/NoSuchMethodError'{0x00000000c43bd8a8}: 'java.lang.Object java.lang.invoke.DirectMethodHandle$Holder.invokeInterface(java.lang.Object, java.lang.Object)'> (0x00000000c43bd8a8) 
thrown [./open/src/hotspot/share/interpreter/linkResolver.cpp, line 782]
Event: 3.006 Thread 0x0000023a71a228c0 Exception <a 'java/lang/NoSuchMethodError'{0x00000000c4248428}: 'void java.lang.invoke.DirectMethodHandle$Holder.invokeStatic(java.lang.Object, java.lang.Object, java.lang.Object)'> (0x00000000c4248428) 
thrown [./open/src/hotspot/share/interpreter/linkResolver.cpp, line 782]
Event: 3.026 Thread 0x0000023a71a228c0 Exception <a 'java/lang/NoSuchMethodError'{0x00000000c4269920}: 'java.lang.Object java.lang.invoke.DirectMethodHandle$Holder.invokeVirtual(java.lang.Object, java.lang.Object, java.lang.Object)'> (0x00000000c4269920) 
thrown [./open/src/hotspot/share/interpreter/linkResolver.cpp, line 782]
Event: 3.492 Thread 0x0000023a71a228c0 Exception <a 'java/lang/NoSuchMethodError'{0x00000000c4c91e80}: 'void java.lang.invoke.DirectMethodHandle$Holder.invokeStatic(java.lang.Object, java.lang.Object)'> (0x00000000c4c91e80) 
thrown [./open/src/hotspot/share/interpreter/linkResolver.cpp, line 782]
Event: 3.866 Thread 0x0000023a71a228c0 Exception <a 'java/lang/NoSuchMethodError'{0x00000000c48db6e0}: 'void java.lang.invoke.DirectMethodHandle$Holder.invokeStaticInit(java.lang.Object, java.lang.Object)'> (0x00000000c48db6e0) 
thrown [./open/src/hotspot/share/interpreter/linkResolver.cpp, line 782]
Event: 4.422 Thread 0x0000023a71a228c0 Exception <a 'java/lang/NoSuchMethodError'{0x00000000c4afaf68}: 'java.lang.Object java.lang.invoke.DirectMethodHandle$Holder.invokeStaticInit(java.lang.Object, int, int, int, int)'> (0x00000000c4afaf68) 
thrown [./open/src/hotspot/share/interpreter/linkResolver.cpp, line 782]
Event: 4.432 Thread 0x0000023a71a228c0 Exception <a 'sun/nio/fs/WindowsException'{0x00000000c4902650}> (0x00000000c4902650) 
thrown [./open/src/hotspot/share/prims/jni.cpp, line 578]
Event: 4.496 Thread 0x0000023a71a228c0 Exception <a 'java/lang/NoSuchMethodError'{0x00000000c492aff8}: 'int java.lang.invoke.DirectMethodHandle$Holder.invokeStaticInit(java.lang.Object, java.lang.Object, java.lang.Object, java.lang.Object)'> (0x00000000c492aff8) 
thrown [./open/src/hotspot/share/interpreter/linkResolver.cpp, line 782]
Event: 4.501 Thread 0x0000023a71a228c0 Exception <a 'java/lang/IncompatibleClassChangeError'{0x00000000c4934ef8}: Found class java.lang.Object, but interface was expected> (0x00000000c4934ef8) 
thrown [./open/src/hotspot/share/interpreter/linkResolver.cpp, line 848]
Event: 4.506 Thread 0x0000023a71a228c0 Exception <a 'java/lang/NoSuchMethodError'{0x00000000c493af88}: 'int java.lang.invoke.DirectMethodHandle$Holder.invokeStaticInit(java.lang.Object, java.lang.Object)'> (0x00000000c493af88) 
thrown [./open/src/hotspot/share/interpreter/linkResolver.cpp, line 782]
Event: 5.464 Thread 0x0000023a71a228c0 Exception <a 'java/lang/NoSuchMethodError'{0x00000000c44c89f0}: 'java.lang.Object java.lang.invoke.DirectMethodHandle$Holder.invokeStaticInit(java.lang.Object, java.lang.Object, int, int, int, int)'> (0x00000000c44c89f0) 
thrown [./open/src/hotspot/share/interpreter/linkResolver.cpp, line 782]

Events (20 events):
Event: 8.106 Executing VM operation: G1CollectForAllocation done
Event: 8.127 Executing VM operation: G1Concurrent
Event: 8.130 Executing VM operation: G1Concurrent done
Event: 8.140 Executing VM operation: G1Concurrent
Event: 8.141 Executing VM operation: G1Concurrent done
Event: 8.213 loading class java/awt/image/AreaAveragingScaleFilter
Event: 8.213 loading class java/awt/image/ReplicateScaleFilter
Event: 8.213 loading class java/awt/image/ImageFilter
Event: 8.214 loading class java/awt/image/ImageFilter done
Event: 8.214 Executing VM operation: HandshakeAllThreads
Event: 8.214 Executing VM operation: HandshakeAllThreads done
Event: 8.214 loading class java/awt/image/ReplicateScaleFilter done
Event: 8.214 loading class java/awt/image/AreaAveragingScaleFilter done
Event: 8.215 loading class java/awt/image/FilteredImageSource
Event: 8.215 loading class java/awt/image/FilteredImageSource done
Event: 8.315 Executing VM operation: G1TryInitiateConcMark
Event: 8.319 Executing VM operation: G1TryInitiateConcMark done
Event: 8.319 Executing VM operation: HandshakeAllThreads
Event: 8.319 Executing VM operation: HandshakeAllThreads done
Event: 8.388 Executing VM operation: G1Concurrent


Dynamic libraries:
0x00007ff7c1380000 - 0x00007ff7c138d000 	C:\Users\Yogesh\.p2\pool\plugins\org.eclipse.justj.openjdk.hotspot.jre.full.win32.x86_64_15.0.2.v20210201-0955\jre\bin\javaw.exe
0x00007ffef8d40000 - 0x00007ffef8f2d000 	C:\WINDOWS\SYSTEM32\ntdll.dll
0x00007ffef8350000 - 0x00007ffef8403000 	C:\WINDOWS\System32\KERNEL32.DLL
0x00007ffef5830000 - 0x00007ffef5ac5000 	C:\WINDOWS\System32\KERNELBASE.dll
0x00007ffef5b80000 - 0x00007ffef5c7a000 	C:\WINDOWS\System32\ucrtbase.dll
0x00007ffee5320000 - 0x00007ffee5338000 	C:\Users\Yogesh\.p2\pool\plugins\org.eclipse.justj.openjdk.hotspot.jre.full.win32.x86_64_15.0.2.v20210201-0955\jre\bin\jli.dll
0x00007ffee3df0000 - 0x00007ffee3e09000 	C:\Users\Yogesh\.p2\pool\plugins\org.eclipse.justj.openjdk.hotspot.jre.full.win32.x86_64_15.0.2.v20210201-0955\jre\bin\VCRUNTIME140.dll
0x00007ffef8410000 - 0x00007ffef85a7000 	C:\WINDOWS\System32\USER32.dll
0x00007ffef4df0000 - 0x00007ffef4e10000 	C:\WINDOWS\System32\win32u.dll
0x00007ffedf500000 - 0x00007ffedf779000 	C:\WINDOWS\WinSxS\amd64_microsoft.windows.common-controls_6595b64144ccf1df_6.0.17763.1577_none_de7444545348a3d0\COMCTL32.dll
0x00007ffef8740000 - 0x00007ffef8769000 	C:\WINDOWS\System32\GDI32.dll
0x00007ffef5da0000 - 0x00007ffef5f3c000 	C:\WINDOWS\System32\gdi32full.dll
0x00007ffef6950000 - 0x00007ffef69ee000 	C:\WINDOWS\System32\msvcrt.dll
0x00007ffef5c80000 - 0x00007ffef5d20000 	C:\WINDOWS\System32\msvcp_win.dll
0x00007ffef6b10000 - 0x00007ffef6e3d000 	C:\WINDOWS\System32\combase.dll
0x00007ffef85b0000 - 0x00007ffef86d2000 	C:\WINDOWS\System32\RPCRT4.dll
0x00007ffef5d20000 - 0x00007ffef5d9e000 	C:\WINDOWS\System32\bcryptPrimitives.dll
0x00007ffef6260000 - 0x00007ffef628e000 	C:\WINDOWS\System32\IMM32.DLL
0x00007ffeef4c0000 - 0x00007ffeef4cc000 	C:\Users\Yogesh\.p2\pool\plugins\org.eclipse.justj.openjdk.hotspot.jre.full.win32.x86_64_15.0.2.v20210201-0955\jre\bin\vcruntime140_1.dll
0x00007ffee3d50000 - 0x00007ffee3de1000 	C:\Users\Yogesh\.p2\pool\plugins\org.eclipse.justj.openjdk.hotspot.jre.full.win32.x86_64_15.0.2.v20210201-0955\jre\bin\msvcp140.dll
0x00007ffead350000 - 0x00007ffeadeae000 	C:\Users\Yogesh\.p2\pool\plugins\org.eclipse.justj.openjdk.hotspot.jre.full.win32.x86_64_15.0.2.v20210201-0955\jre\bin\server\jvm.dll
0x00007ffef8850000 - 0x00007ffef88f3000 	C:\WINDOWS\System32\ADVAPI32.dll
0x00007ffef69f0000 - 0x00007ffef6a8e000 	C:\WINDOWS\System32\sechost.dll
0x00007ffef6940000 - 0x00007ffef6948000 	C:\WINDOWS\System32\PSAPI.DLL
0x00007ffeeeb50000 - 0x00007ffeeeb59000 	C:\WINDOWS\SYSTEM32\WSOCK32.dll
0x00007ffef8a30000 - 0x00007ffef8a9d000 	C:\WINDOWS\System32\WS2_32.dll
0x00007ffef17d0000 - 0x00007ffef17f4000 	C:\WINDOWS\SYSTEM32\WINMM.dll
0x00007ffee9640000 - 0x00007ffee964a000 	C:\WINDOWS\SYSTEM32\VERSION.dll
0x00007ffef17a0000 - 0x00007ffef17cd000 	C:\WINDOWS\SYSTEM32\WINMMBASE.dll
0x00007ffef5ad0000 - 0x00007ffef5b1a000 	C:\WINDOWS\System32\cfgmgr32.dll
0x00007ffef4dd0000 - 0x00007ffef4de1000 	C:\WINDOWS\System32\kernel.appcore.dll
0x00007ffeeeb40000 - 0x00007ffeeeb4a000 	C:\Users\Yogesh\.p2\pool\plugins\org.eclipse.justj.openjdk.hotspot.jre.full.win32.x86_64_15.0.2.v20210201-0955\jre\bin\jimage.dll
0x00007ffedf840000 - 0x00007ffedfa2d000 	C:\WINDOWS\SYSTEM32\DBGHELP.DLL
0x00007ffedfad0000 - 0x00007ffedfafa000 	C:\WINDOWS\SYSTEM32\dbgcore.DLL
0x00007ffeeeb10000 - 0x00007ffeeeb35000 	C:\Users\Yogesh\.p2\pool\plugins\org.eclipse.justj.openjdk.hotspot.jre.full.win32.x86_64_15.0.2.v20210201-0955\jre\bin\java.dll
0x00007ffeeeaf0000 - 0x00007ffeeeb08000 	C:\Users\Yogesh\.p2\pool\plugins\org.eclipse.justj.openjdk.hotspot.jre.full.win32.x86_64_15.0.2.v20210201-0955\jre\bin\zip.dll
0x00007ffef6e40000 - 0x00007ffef8339000 	C:\WINDOWS\System32\SHELL32.dll
0x00007ffef61b0000 - 0x00007ffef6258000 	C:\WINDOWS\System32\shcore.dll
0x00007ffef4ef0000 - 0x00007ffef5643000 	C:\WINDOWS\System32\windows.storage.dll
0x00007ffef4da0000 - 0x00007ffef4dc4000 	C:\WINDOWS\System32\profapi.dll
0x00007ffef4d20000 - 0x00007ffef4d7d000 	C:\WINDOWS\System32\powrprof.dll
0x00007ffef86e0000 - 0x00007ffef8732000 	C:\WINDOWS\System32\shlwapi.dll
0x00007ffef5f40000 - 0x00007ffef5f57000 	C:\WINDOWS\System32\cryptsp.dll
0x00007ffeae970000 - 0x00007ffeaeaef000 	C:\Users\Yogesh\.p2\pool\plugins\org.eclipse.justj.openjdk.hotspot.jre.full.win32.x86_64_15.0.2.v20210201-0955\jre\bin\awt.dll
0x00007ffef8780000 - 0x00007ffef8844000 	C:\WINDOWS\System32\OLEAUT32.dll
0x00007ffef2f70000 - 0x00007ffef2ffc000 	C:\WINDOWS\SYSTEM32\apphelp.dll
0x00007ffeeead0000 - 0x00007ffeeeae9000 	C:\Users\Yogesh\.p2\pool\plugins\org.eclipse.justj.openjdk.hotspot.jre.full.win32.x86_64_15.0.2.v20210201-0955\jre\bin\net.dll
0x00007ffeeab00000 - 0x00007ffeeabf4000 	C:\WINDOWS\SYSTEM32\WINHTTP.dll
0x00007ffef4590000 - 0x00007ffef45f7000 	C:\WINDOWS\system32\mswsock.dll
0x00007ffeeeab0000 - 0x00007ffeeeac2000 	C:\Users\Yogesh\.p2\pool\plugins\org.eclipse.justj.openjdk.hotspot.jre.full.win32.x86_64_15.0.2.v20210201-0955\jre\bin\nio.dll
0x00007ffef30a0000 - 0x00007ffef313c000 	C:\WINDOWS\system32\uxtheme.dll
0x00007ffef5f60000 - 0x00007ffef60cb000 	C:\WINDOWS\System32\MSCTF.dll
0x00007ffef33a0000 - 0x00007ffef33ce000 	C:\WINDOWS\system32\dwmapi.dll
0x00007ffef5650000 - 0x00007ffef582c000 	C:\WINDOWS\System32\CRYPT32.dll
0x00007ffef4d80000 - 0x00007ffef4d92000 	C:\WINDOWS\System32\MSASN1.dll
0x00007ffef6360000 - 0x00007ffef64b6000 	C:\WINDOWS\System32\ole32.dll
0x00007ffeba0b0000 - 0x00007ffeba1d7000 	C:\WINDOWS\system32\opengl32.dll
0x00007ffee3d20000 - 0x00007ffee3d4c000 	C:\WINDOWS\SYSTEM32\GLU32.dll
0x00007ffef42f0000 - 0x00007ffef43b6000 	C:\WINDOWS\SYSTEM32\DNSAPI.dll
0x00007ffef8770000 - 0x00007ffef8778000 	C:\WINDOWS\System32\NSI.dll
0x00007ffef42b0000 - 0x00007ffef42ed000 	C:\WINDOWS\SYSTEM32\IPHLPAPI.DLL
0x00007ffee97e0000 - 0x00007ffee97ea000 	C:\Windows\System32\rasadhlp.dll
0x00007ffeea9b0000 - 0x00007ffeeaa29000 	C:\WINDOWS\System32\fwpuclnt.dll
0x00007ffef4e10000 - 0x00007ffef4e36000 	C:\WINDOWS\System32\bcrypt.dll
0x00007ffef4110000 - 0x00007ffef4143000 	C:\WINDOWS\system32\rsaenh.dll
0x00007ffef4c20000 - 0x00007ffef4c49000 	C:\WINDOWS\SYSTEM32\USERENV.dll
0x00007ffef4760000 - 0x00007ffef476c000 	C:\WINDOWS\SYSTEM32\CRYPTBASE.dll
0x00007ffeeaeb0000 - 0x00007ffeeaec6000 	C:\WINDOWS\SYSTEM32\dhcpcsvc6.DLL
0x00007ffeeae90000 - 0x00007ffeeaeac000 	C:\WINDOWS\SYSTEM32\dhcpcsvc.DLL
0x00007ffef1b40000 - 0x00007ffef1b4d000 	C:\Users\Yogesh\.p2\pool\plugins\org.eclipse.justj.openjdk.hotspot.jre.full.win32.x86_64_15.0.2.v20210201-0955\jre\bin\sunmscapi.dll
0x00007ffef4860000 - 0x00007ffef4886000 	C:\WINDOWS\SYSTEM32\ncrypt.dll
0x00007ffef4820000 - 0x00007ffef485c000 	C:\WINDOWS\SYSTEM32\NTASN1.dll
0x00007ffeef480000 - 0x00007ffeef490000 	C:\Users\Yogesh\.p2\pool\plugins\org.eclipse.justj.openjdk.hotspot.jre.full.win32.x86_64_15.0.2.v20210201-0955\jre\bin\verify.dll
0x00007ffee3cf0000 - 0x00007ffee3d1d000 	C:\Users\Yogesh\.p2\pool\plugins\org.eclipse.justj.openjdk.hotspot.jre.full.win32.x86_64_15.0.2.v20210201-0955\jre\bin\javajpeg.dll

dbghelp: loaded successfully - version: 4.0.5 - missing functions: none
symbol engine: initialized successfully - sym options: 0x614 - pdb path: .;C:\Users\Yogesh\.p2\pool\plugins\org.eclipse.justj.openjdk.hotspot.jre.full.win32.x86_64_15.0.2.v20210201-0955\jre\bin;C:\WINDOWS\SYSTEM32;C:\WINDOWS\WinSxS\amd64_microsoft.windows.common-controls_6595b64144ccf1df_6.0.17763.1577_none_de7444545348a3d0;C:\Users\Yogesh\.p2\pool\plugins\org.eclipse.justj.openjdk.hotspot.jre.full.win32.x86_64_15.0.2.v20210201-0955\jre\bin\server

VM Arguments:
jvm_args: -Dfile.encoding=Cp1252 -XX:+ShowCodeDetailsInExceptionMessages 
java_command: main.index
java_class_path (initial): C:\Users\Yogesh\eclipse-workspace\Project\bin;C:\Users\Yogesh\.p2\pool\plugins\org.eclipse.osgi_3.16.100.v20201030-1916.jar;C:\Users\Yogesh\.p2\pool\plugins\org.eclipse.core.commands_3.9.800.v20201021-1339.jar;C:\Users\Yogesh\.p2\pool\plugins\org.eclipse.equinox.common_3.14.0.v20201102-2053.jar;C:\Users\Yogesh\.p2\pool\plugins\org.eclipse.equinox.registry_3.10.0.v20201107-1818.jar;C:\Users\Yogesh\.p2\pool\plugins\org.eclipse.core.runtime_3.20.0.v20201027-1526.jar;C:\Users\Yogesh\.p2\pool\plugins\org.eclipse.text_3.10.400.v20200925-0557.jar;C:\Users\Yogesh\.p2\pool\plugins\org.eclipse.swt.win32.win32.x86_64_3.115.100.v20201202-1103.jar;C:\Users\Yogesh\.p2\pool\plugins\org.eclipse.jface_3.22.0.v20201106-0834.jar;C:\Users\Yogesh\.p2\pool\plugins\org.eclipse.jface.text_3.16.500.v20201112-1545.jar;C:\Users\Yogesh\.p2\pool\plugins\org.eclipse.ui.workbench_3.122.0.v20201122-1345.jar;C:\Users\Yogesh\.p2\pool\plugins\com.ibm.icu_67.1.0.v20200706-1749.jar;C:\Users\Yogesh\.p2\pool\plugins\org.eclipse.ui.forms_3.11.0.v20201025-0656.jar;C:\Users\Yogesh\eclipse-workspace\Project\jgoodies-forms-1.8.0.jar;C:\Program Files (x86)\MySQL\Connector J 8.0\mysql-connector-java-8.0.17.jar;D:\jar_files\json-simple-1.1.1.jar\json-simple-1.1.1.jar;D:\jar_files\jackson-all-1.9.0.jar\jackson-all-1.9.0.jar
Launcher Type: SUN_STANDARD

[Global flags]
     intx CICompilerCount                          = 3                                         {product} {ergonomic}
     uint ConcGCThreads                            = 1                                         {product} {ergonomic}
     uint G1ConcRefinementThreads                  = 4                                         {product} {ergonomic}
   size_t G1HeapRegionSize                         = 1048576                                   {product} {ergonomic}
    uintx GCDrainStackTargetSize                   = 64                                        {product} {ergonomic}
   size_t InitialHeapSize                          = 67108864                                  {product} {ergonomic}
   size_t MarkStackSize                            = 4194304                                   {product} {ergonomic}
   size_t MaxHeapSize                              = 1059061760                                {product} {ergonomic}
   size_t MaxNewSize                               = 635437056                                 {product} {ergonomic}
   size_t MinHeapDeltaBytes                        = 1048576                                   {product} {ergonomic}
   size_t MinHeapSize                              = 8388608                                   {product} {ergonomic}
    uintx NonNMethodCodeHeapSize                   = 5832780                                {pd product} {ergonomic}
    uintx NonProfiledCodeHeapSize                  = 122912730                              {pd product} {ergonomic}
    uintx ProfiledCodeHeapSize                     = 122912730                              {pd product} {ergonomic}
    uintx ReservedCodeCacheSize                    = 251658240                              {pd product} {ergonomic}
     bool SegmentedCodeCache                       = true                                      {product} {ergonomic}
     bool ShowCodeDetailsInExceptionMessages       = true                                   {manageable} {command line}
   size_t SoftMaxHeapSize                          = 1059061760                             {manageable} {ergonomic}
     bool UseCompressedClassPointers               = true                                 {lp64_product} {ergonomic}
     bool UseCompressedOops                        = true                                 {lp64_product} {ergonomic}
     bool UseG1GC                                  = true                                      {product} {ergonomic}
     bool UseLargePagesIndividualAllocation        = false                                  {pd product} {ergonomic}

Logging:
Log output configuration:
 #0: stdout all=warning uptime,level,tags
 #1: stderr all=off uptime,level,tags

Environment Variables:
PATH=C:/Users/Yogesh/.p2/pool/plugins/org.eclipse.justj.openjdk.hotspot.jre.full.win32.x86_64_15.0.2.v20210201-0955/jre/bin/server;C:/Users/Yogesh/.p2/pool/plugins/org.eclipse.justj.openjdk.hotspot.jre.full.win32.x86_64_15.0.2.v20210201-0955/jre/bin;C:\oraclexe\app\oracle\product\10.2.0\server\bin;C:\Program Files (x86)\Java\jdk1.8.0_162\bin;C:\Program Files (x86)\Common Files\Oracle\Java\javapath;C:\ProgramData\Oracle\Java\javapath;C:\WINDOWS\system32;C:\WINDOWS;C:\WINDOWS\System32\Wbem;C:\WINDOWS\System32\WindowsPowerShell\v1.0\;C:\WINDOWS\System32\OpenSSH\;C:\Program Files (x86)\Java\jdk1.8.0_162\bin;C:\Program Files (x86)\Java\jre1.8.0_162\bin;C:\Program Files\Git\cmd;C:\ProgramData\chocolatey\bin;C:\Program Files (x86)\nodejs\;C:\Program Files (x86)\Java\jre1.8.0_281\lib\ext\;C:\Users\Yogesh\AppData\Roaming\npm;C:\Users\Yogesh\AppData\Roaming\npm\node_modules\@angular\cli\bin;C:\Program Files\MySQL\MySQL Shell 8.0\bin\;C:\WINDOWS\System32;
USERNAME=Yogesh
OS=Windows_NT
PROCESSOR_IDENTIFIER=Intel64 Family 6 Model 42 Stepping 7, GenuineIntel



---------------  S Y S T E M  ---------------

OS:
 Windows 10 , 64 bit Build 17763 (10.0.17763.475)
OS uptime: 6 days 1:35 hours

CPU: total 4 (initial active 4) (2 cores per cpu, 2 threads per core) family 6 model 42 stepping 7 microcode 0x2f, cmov, cx8, fxsr, mmx, sse, sse2, sse3, ssse3, sse4.1, sse4.2, popcnt, vzeroupper, avx, aes, clmul, ht, tsc, tscinvbit, clflush

Memory: 4k page, system-wide physical 4039M (319M free)
TotalPageFile size 16327M (AvailPageFile size 7M)
current process WorkingSet (physical memory assigned to process): 163M, peak: 163M
current process commit charge ("private bytes"): 187M, peak: 192M

vm_info: OpenJDK 64-Bit Server VM (15.0.2+7-27) for windows-amd64 JRE (15.0.2+7-27), built on Dec  7 2020 20:02:38 by "mach5one" with unknown MS VC++:1925

END.
