#
# There is insufficient memory for the Java Runtime Environment to continue.
# Native memory allocation (malloc) failed to allocate 1048576 bytes for AllocateHeap
# Possible reasons:
#   The system is out of physical RAM or swap space
#   The process is running with CompressedOops enabled, and the Java Heap may be blocking the growth of the native heap
# Possible solutions:
#   Reduce memory load on the system
#   Increase physical memory or swap space
#   Check if swap backing store is full
#   Decrease Java heap size (-Xmx/-Xms)
#   Decrease number of Java threads
#   Decrease Java thread stack sizes (-Xss)
#   Set larger code cache with -XX:ReservedCodeCacheSize=
#   JVM is running with Unscaled Compressed Oops mode in which the Java heap is
#     placed in the first 4GB address space. The Java Heap base address is the
#     maximum limit for the native heap growth. Please use -XX:HeapBaseMinAddress
#     to set the Java Heap base and to place the Java Heap above 4GB virtual address.
# This output file may be truncated or incomplete.
#
#  Out of Memory Error (./open/src/hotspot/share/memory/allocation.cpp:44), pid=1204, tid=4752
#
# JRE version: OpenJDK Runtime Environment (15.0.2+7) (build 15.0.2+7-27)
# Java VM: OpenJDK 64-Bit Server VM (15.0.2+7-27, mixed mode, tiered, compressed oops, g1 gc, windows-amd64)
# No core dump will be written. Minidumps are not enabled by default on client versions of Windows
#

---------------  S U M M A R Y ------------

Command Line: -Dfile.encoding=Cp1252 -XX:+ShowCodeDetailsInExceptionMessages main.index

Host: Intel(R) Core(TM) i5-2450M CPU @ 2.50GHz, 4 cores, 3G,  Windows 10 , 64 bit Build 17763 (10.0.17763.475)
Time: Wed Jun 16 03:37:40 2021 Pacific Daylight Time elapsed time: 6.569754 seconds (0d 0h 0m 6s)

---------------  T H R E A D  ---------------

Current thread (0x00000213b58ac7b0):  VMThread "VM Thread" [stack: 0x000000d416e00000,0x000000d416f00000] [id=4752]

Stack: [0x000000d416e00000,0x000000d416f00000]
[error occurred during error reporting (printing stack bounds), id 0xc0000005, EXCEPTION_ACCESS_VIOLATION (0xc0000005) at pc=0x00000213a1e310ad]

Native frames: (J=compiled Java code, j=interpreted, Vv=VM code, C=native code)
V  [jvm.dll+0x62ae9a]
V  [jvm.dll+0x7817a9]
V  [jvm.dll+0x782f03]
V  [jvm.dll+0x7834c5]
V  [jvm.dll+0x78347b]
V  [jvm.dll+0x62a2b9]
V  [jvm.dll+0x62aa88]
C  [ntdll.dll+0xa41bf]
C  [ntdll.dll+0x4bef]
C  [ntdll.dll+0xa2f2e]
C  0x00000213a1e310ad

VM_Operation (0x000000d417dfc2d0): CollectForMetadataAllocation, mode: safepoint, requested by thread 0x00000213b6880cd0


---------------  P R O C E S S  ---------------

Threads class SMR info:
_java_thread_list=0x00000213b695eec0, length=17, elements={
0x00000213b58e2010, 0x00000213b58e2ce0, 0x00000213b590cf70, 0x00000213b590d440,
0x00000213b590d910, 0x00000213b62220d0, 0x00000213b622b520, 0x00000213b623db10,
0x00000213b6391ab0, 0x00000213b639eb70, 0x00000213b67a8430, 0x00000213b67a8900,
0x00000213b67a8dd0, 0x00000213b6880cd0, 0x000002139e424860, 0x00000213b68fb060,
0x00000213b69afbb0
}

Java Threads: ( => current thread )
  0x00000213b58e2010 JavaThread "Reference Handler" daemon [_thread_blocked, id=12500, stack(0x000000d416f00000,0x000000d417000000)]
  0x00000213b58e2ce0 JavaThread "Finalizer" daemon [_thread_blocked, id=4716, stack(0x000000d417000000,0x000000d417100000)]
  0x00000213b590cf70 JavaThread "Signal Dispatcher" daemon [_thread_blocked, id=13404, stack(0x000000d417100000,0x000000d417200000)]
  0x00000213b590d440 JavaThread "Attach Listener" daemon [_thread_blocked, id=12116, stack(0x000000d417200000,0x000000d417300000)]
  0x00000213b590d910 JavaThread "Service Thread" daemon [_thread_blocked, id=11648, stack(0x000000d417300000,0x000000d417400000)]
  0x00000213b62220d0 JavaThread "C2 CompilerThread0" daemon [_thread_blocked, id=9600, stack(0x000000d417400000,0x000000d417500000)]
  0x00000213b622b520 JavaThread "C1 CompilerThread0" daemon [_thread_blocked, id=17404, stack(0x000000d417500000,0x000000d417600000)]
  0x00000213b623db10 JavaThread "Sweeper thread" daemon [_thread_blocked, id=11200, stack(0x000000d417600000,0x000000d417700000)]
  0x00000213b6391ab0 JavaThread "Notification Thread" daemon [_thread_blocked, id=2508, stack(0x000000d417700000,0x000000d417800000)]
  0x00000213b639eb70 JavaThread "Common-Cleaner" daemon [_thread_blocked, id=10464, stack(0x000000d417900000,0x000000d417a00000)]
  0x00000213b67a8430 JavaThread "Java2D Disposer" daemon [_thread_blocked, id=14904, stack(0x000000d417a00000,0x000000d417b00000)]
  0x00000213b67a8900 JavaThread "AWT-Shutdown" [_thread_blocked, id=6316, stack(0x000000d417b00000,0x000000d417c00000)]
  0x00000213b67a8dd0 JavaThread "AWT-Windows" daemon [_thread_in_native, id=10904, stack(0x000000d417c00000,0x000000d417d00000)]
  0x00000213b6880cd0 JavaThread "AWT-EventQueue-0" [_thread_blocked, id=10136, stack(0x000000d417d00000,0x000000d417e00000)]
  0x000002139e424860 JavaThread "DestroyJavaVM" [_thread_blocked, id=15348, stack(0x000000d416800000,0x000000d416900000)]
  0x00000213b68fb060 JavaThread "Image Fetcher 0" daemon [_thread_blocked, id=14472, stack(0x000000d417e00000,0x000000d417f00000)]
  0x00000213b69afbb0 JavaThread "mysql-cj-abandoned-connection-cleanup" daemon [_thread_blocked, id=17948, stack(0x000000d417f00000,0x000000d418000000)]

Other Threads:
=>0x00000213b58ac7b0 VMThread "VM Thread" [stack: 0x000000d416e00000,0x000000d416f00000] [id=4752]
  0x00000213b6391f80 WatcherThread [stack: 0x000000d417800000,0x000000d417900000] [id=15444]
  0x000002139e453f00 GCTaskThread "GC Thread#0" [stack: 0x000000d416900000,0x000000d416a00000] [id=16348]
  0x00000213b6883830 GCTaskThread "GC Thread#1" [stack: 0x000000d418000000,0x000000d418100000] [id=9076]
  0x00000213b6884820 GCTaskThread "GC Thread#2" [stack: 0x000000d418100000,0x000000d418200000] [id=9580]
  0x00000213b6881eb0 GCTaskThread "GC Thread#3" [stack: 0x000000d418200000,0x000000d418300000] [id=14696]
  0x000002139e45eb60 ConcurrentGCThread "G1 Main Marker" [stack: 0x000000d416a00000,0x000000d416b00000] [id=8076]
  0x000002139e460760 ConcurrentGCThread "G1 Conc#0" [stack: 0x000000d416b00000,0x000000d416c00000] [id=16104]
  0x000002139e4b4920 ConcurrentGCThread "G1 Refine#0" [stack: 0x000000d416c00000,0x000000d416d00000] [id=15536]
  0x000002139e4b7140 ConcurrentGCThread "G1 Young RemSet Sampling" [stack: 0x000000d416d00000,0x000000d416e00000] [id=5488]

Threads with active compile tasks:
C2 CompilerThread0     6617  822       4       java.util.Properties::loadConvert (544 bytes)

VM state: at safepoint (normal execution)

VM Mutex/Monitor currently owned by a thread:  ([mutex/lock_event])
[0x000002139c32bc10] Threads_lock - owner thread: 0x00000213b58ac7b0
[0x000002139c32afb0] Heap_lock - owner thread: 0x00000213b6880cd0

Heap address: 0x00000000c0e00000, size: 1010 MB, Compressed Oops mode: 32-bit
CDS disabled.
Compressed class space mapped at: 0x0000000100000000-0x0000000140000000, size: 1073741824
Narrow klass base: 0x0000000000000000, Narrow klass shift: 3, Narrow klass range: 0x140000000

GC Precious Log:
 CPUs: 4 total, 4 available
 Memory: 4039M
 Large Page Support: Disabled
 NUMA Support: Disabled
 Compressed Oops: Enabled (32-bit)
 Heap Region Size: 1M
 Heap Min Capacity: 8M
 Heap Initial Capacity: 64M
 Heap Max Capacity: 1010M
 Pre-touch: Disabled
 Parallel Workers: 4
 Concurrent Workers: 1
 Concurrent Refinement Workers: 4
 Periodic GC: Disabled

Heap:
 garbage-first heap   total 65536K, used 4268K [0x00000000c0e00000, 0x0000000100000000)
  region size 1024K, 2 young (2048K), 2 survivors (2048K)
 Metaspace       used 13729K, capacity 13898K, committed 13952K, reserved 1071104K
  class space    used 1316K, capacity 1386K, committed 1408K, reserved 1048576K

Heap Regions: E=young(eden), S=young(survivor), O=old, HS=humongous(starts), HC=humongous(continues), CS=collection set, F=free, OA=open archive, CA=closed archive, TAMS=top-at-mark-start (previous, next)
|   0|0x00000000c0e00000, 0x00000000c0e00000, 0x00000000c0f00000|  0%| F|  |TAMS 0x00000000c0e00000, 0x00000000c0e00000| Untracked 
|   1|0x00000000c0f00000, 0x00000000c1000000, 0x00000000c1000000|100%| O|  |TAMS 0x00000000c0f00000, 0x00000000c0f00000| Untracked 
|   2|0x00000000c1000000, 0x00000000c1100000, 0x00000000c1100000|100%| O|  |TAMS 0x00000000c1000000, 0x00000000c1000000| Untracked 
|   3|0x00000000c1100000, 0x00000000c112b000, 0x00000000c1200000| 16%| O|  |TAMS 0x00000000c1100000, 0x00000000c1100000| Untracked 
|   4|0x00000000c1200000, 0x00000000c1200000, 0x00000000c1300000|  0%| F|  |TAMS 0x00000000c1200000, 0x00000000c1200000| Untracked 
|   5|0x00000000c1300000, 0x00000000c1300000, 0x00000000c1400000|  0%| F|  |TAMS 0x00000000c1300000, 0x00000000c1300000| Untracked 
|   6|0x00000000c1400000, 0x00000000c1400000, 0x00000000c1500000|  0%| F|  |TAMS 0x00000000c1400000, 0x00000000c1400000| Untracked 
|   7|0x00000000c1500000, 0x00000000c1500000, 0x00000000c1600000|  0%| F|  |TAMS 0x00000000c1500000, 0x00000000c1500000| Untracked 
|   8|0x00000000c1600000, 0x00000000c1600000, 0x00000000c1700000|  0%| F|  |TAMS 0x00000000c1600000, 0x00000000c1600000| Untracked 
|   9|0x00000000c1700000, 0x00000000c1700000, 0x00000000c1800000|  0%| F|  |TAMS 0x00000000c1700000, 0x00000000c1700000| Untracked 
|  10|0x00000000c1800000, 0x00000000c1800000, 0x00000000c1900000|  0%| F|  |TAMS 0x00000000c1800000, 0x00000000c1800000| Untracked 
|  11|0x00000000c1900000, 0x00000000c1900000, 0x00000000c1a00000|  0%| F|  |TAMS 0x00000000c1900000, 0x00000000c1900000| Untracked 
|  12|0x00000000c1a00000, 0x00000000c1a00000, 0x00000000c1b00000|  0%| F|  |TAMS 0x00000000c1a00000, 0x00000000c1a00000| Untracked 
|  13|0x00000000c1b00000, 0x00000000c1b00000, 0x00000000c1c00000|  0%| F|  |TAMS 0x00000000c1b00000, 0x00000000c1b00000| Untracked 
|  14|0x00000000c1c00000, 0x00000000c1c00000, 0x00000000c1d00000|  0%| F|  |TAMS 0x00000000c1c00000, 0x00000000c1c00000| Untracked 
|  15|0x00000000c1d00000, 0x00000000c1d00000, 0x00000000c1e00000|  0%| F|  |TAMS 0x00000000c1d00000, 0x00000000c1d00000| Untracked 
|  16|0x00000000c1e00000, 0x00000000c1e00000, 0x00000000c1f00000|  0%| F|  |TAMS 0x00000000c1e00000, 0x00000000c1e00000| Untracked 
|  17|0x00000000c1f00000, 0x00000000c1f00000, 0x00000000c2000000|  0%| F|  |TAMS 0x00000000c1f00000, 0x00000000c1f00000| Untracked 
|  18|0x00000000c2000000, 0x00000000c2000000, 0x00000000c2100000|  0%| F|  |TAMS 0x00000000c2000000, 0x00000000c2000000| Untracked 
|  19|0x00000000c2100000, 0x00000000c2100000, 0x00000000c2200000|  0%| F|  |TAMS 0x00000000c2100000, 0x00000000c2100000| Untracked 
|  20|0x00000000c2200000, 0x00000000c2200000, 0x00000000c2300000|  0%| F|  |TAMS 0x00000000c2200000, 0x00000000c2200000| Untracked 
|  21|0x00000000c2300000, 0x00000000c2300000, 0x00000000c2400000|  0%| F|  |TAMS 0x00000000c2300000, 0x00000000c2300000| Untracked 
|  22|0x00000000c2400000, 0x00000000c2400000, 0x00000000c2500000|  0%| F|  |TAMS 0x00000000c2400000, 0x00000000c2400000| Untracked 
|  23|0x00000000c2500000, 0x00000000c2500000, 0x00000000c2600000|  0%| F|  |TAMS 0x00000000c2500000, 0x00000000c2500000| Untracked 
|  24|0x00000000c2600000, 0x00000000c2600000, 0x00000000c2700000|  0%| F|  |TAMS 0x00000000c2600000, 0x00000000c2600000| Untracked 
|  25|0x00000000c2700000, 0x00000000c2700000, 0x00000000c2800000|  0%| F|  |TAMS 0x00000000c2700000, 0x00000000c2700000| Untracked 
|  26|0x00000000c2800000, 0x00000000c2800000, 0x00000000c2900000|  0%| F|  |TAMS 0x00000000c2800000, 0x00000000c2800000| Untracked 
|  27|0x00000000c2900000, 0x00000000c2900000, 0x00000000c2a00000|  0%| F|  |TAMS 0x00000000c2900000, 0x00000000c2900000| Untracked 
|  28|0x00000000c2a00000, 0x00000000c2a00000, 0x00000000c2b00000|  0%| F|  |TAMS 0x00000000c2a00000, 0x00000000c2a00000| Untracked 
|  29|0x00000000c2b00000, 0x00000000c2b00000, 0x00000000c2c00000|  0%| F|  |TAMS 0x00000000c2b00000, 0x00000000c2b00000| Untracked 
|  30|0x00000000c2c00000, 0x00000000c2c00000, 0x00000000c2d00000|  0%| F|  |TAMS 0x00000000c2c00000, 0x00000000c2c00000| Untracked 
|  31|0x00000000c2d00000, 0x00000000c2d00000, 0x00000000c2e00000|  0%| F|  |TAMS 0x00000000c2d00000, 0x00000000c2d00000| Untracked 
|  32|0x00000000c2e00000, 0x00000000c2e00000, 0x00000000c2f00000|  0%| F|  |TAMS 0x00000000c2e00000, 0x00000000c2e00000| Untracked 
|  33|0x00000000c2f00000, 0x00000000c2f00000, 0x00000000c3000000|  0%| F|  |TAMS 0x00000000c2f00000, 0x00000000c2f00000| Untracked 
|  34|0x00000000c3000000, 0x00000000c3000000, 0x00000000c3100000|  0%| F|  |TAMS 0x00000000c3000000, 0x00000000c3000000| Untracked 
|  35|0x00000000c3100000, 0x00000000c3100000, 0x00000000c3200000|  0%| F|  |TAMS 0x00000000c3100000, 0x00000000c3100000| Untracked 
|  36|0x00000000c3200000, 0x00000000c3200000, 0x00000000c3300000|  0%| F|  |TAMS 0x00000000c3200000, 0x00000000c3200000| Untracked 
|  37|0x00000000c3300000, 0x00000000c3300000, 0x00000000c3400000|  0%| F|  |TAMS 0x00000000c3300000, 0x00000000c3300000| Untracked 
|  38|0x00000000c3400000, 0x00000000c3400000, 0x00000000c3500000|  0%| F|  |TAMS 0x00000000c3400000, 0x00000000c3400000| Untracked 
|  39|0x00000000c3500000, 0x00000000c3500000, 0x00000000c3600000|  0%| F|  |TAMS 0x00000000c3500000, 0x00000000c3500000| Untracked 
|  40|0x00000000c3600000, 0x00000000c3600000, 0x00000000c3700000|  0%| F|  |TAMS 0x00000000c3600000, 0x00000000c3600000| Untracked 
|  41|0x00000000c3700000, 0x00000000c3700000, 0x00000000c3800000|  0%| F|  |TAMS 0x00000000c3700000, 0x00000000c3700000| Untracked 
|  42|0x00000000c3800000, 0x00000000c3800000, 0x00000000c3900000|  0%| F|  |TAMS 0x00000000c3800000, 0x00000000c3800000| Untracked 
|  43|0x00000000c3900000, 0x00000000c3900000, 0x00000000c3a00000|  0%| F|  |TAMS 0x00000000c3900000, 0x00000000c3900000| Untracked 
|  44|0x00000000c3a00000, 0x00000000c3a00000, 0x00000000c3b00000|  0%| F|  |TAMS 0x00000000c3a00000, 0x00000000c3a00000| Untracked 
|  45|0x00000000c3b00000, 0x00000000c3b00000, 0x00000000c3c00000|  0%| F|  |TAMS 0x00000000c3b00000, 0x00000000c3b00000| Untracked 
|  46|0x00000000c3c00000, 0x00000000c3c00000, 0x00000000c3d00000|  0%| F|  |TAMS 0x00000000c3c00000, 0x00000000c3c00000| Untracked 
|  47|0x00000000c3d00000, 0x00000000c3d00000, 0x00000000c3e00000|  0%| F|  |TAMS 0x00000000c3d00000, 0x00000000c3d00000| Untracked 
|  48|0x00000000c3e00000, 0x00000000c3e00000, 0x00000000c3f00000|  0%| F|  |TAMS 0x00000000c3e00000, 0x00000000c3e00000| Untracked 
|  49|0x00000000c3f00000, 0x00000000c3f00000, 0x00000000c4000000|  0%| F|  |TAMS 0x00000000c3f00000, 0x00000000c3f00000| Untracked 
|  50|0x00000000c4000000, 0x00000000c4100000, 0x00000000c4100000|100%| S|CS|TAMS 0x00000000c4000000, 0x00000000c4000000| Complete 
|  51|0x00000000c4100000, 0x00000000c4200000, 0x00000000c4200000|100%| S|CS|TAMS 0x00000000c4100000, 0x00000000c4100000| Complete 
|  52|0x00000000c4200000, 0x00000000c4200000, 0x00000000c4300000|  0%| F|  |TAMS 0x00000000c4200000, 0x00000000c4200000| Untracked 
|  53|0x00000000c4300000, 0x00000000c4300000, 0x00000000c4400000|  0%| F|  |TAMS 0x00000000c4300000, 0x00000000c4300000| Untracked 
|  54|0x00000000c4400000, 0x00000000c4400000, 0x00000000c4500000|  0%| F|  |TAMS 0x00000000c4400000, 0x00000000c4400000| Untracked 
|  55|0x00000000c4500000, 0x00000000c4500000, 0x00000000c4600000|  0%| F|  |TAMS 0x00000000c4500000, 0x00000000c4500000| Untracked 
|  56|0x00000000c4600000, 0x00000000c4600000, 0x00000000c4700000|  0%| F|  |TAMS 0x00000000c4600000, 0x00000000c4600000| Untracked 
|  57|0x00000000c4700000, 0x00000000c4700000, 0x00000000c4800000|  0%| F|  |TAMS 0x00000000c4700000, 0x00000000c4700000| Untracked 
|  58|0x00000000c4800000, 0x00000000c4800000, 0x00000000c4900000|  0%| F|  |TAMS 0x00000000c4800000, 0x00000000c4800000| Untracked 
|  59|0x00000000c4900000, 0x00000000c4900000, 0x00000000c4a00000|  0%| F|  |TAMS 0x00000000c4900000, 0x00000000c4900000| Untracked 
|  60|0x00000000c4a00000, 0x00000000c4a00000, 0x00000000c4b00000|  0%| F|  |TAMS 0x00000000c4a00000, 0x00000000c4a00000| Untracked 
|  61|0x00000000c4b00000, 0x00000000c4b00000, 0x00000000c4c00000|  0%| F|  |TAMS 0x00000000c4b00000, 0x00000000c4b00000| Untracked 
|  62|0x00000000c4c00000, 0x00000000c4c00000, 0x00000000c4d00000|  0%| F|  |TAMS 0x00000000c4c00000, 0x00000000c4c00000| Untracked 
|  63|0x00000000c4d00000, 0x00000000c4d00000, 0x00000000c4e00000|  0%| F|  |TAMS 0x00000000c4d00000, 0x00000000c4d00000| Untracked 

Card table byte_map: [0x00000213b1030000,0x00000213b1230000] _byte_map_base: 0x00000213b0a29000

Marking Bits (Prev, Next): (CMBitMap*) 0x000002139e454770, (CMBitMap*) 0x000002139e4547b0
 Prev Bits: [0x00000213b1430000, 0x00000213b23f8000)
 Next Bits: [0x00000213b2400000, 0x00000213b33c8000)

Polling page: 0x000002139dbf0000

Metaspace:

Usage:
  Non-class:     12.22 MB capacity,    12.12 MB (>99%) used,    83.02 KB ( <1%) free+waste,    16.25 KB ( <1%) overhead. 
      Class:      1.35 MB capacity,     1.29 MB ( 95%) used,    63.26 KB (  5%) free+waste,     5.94 KB ( <1%) overhead. 
       Both:     13.57 MB capacity,    13.41 MB ( 99%) used,   146.27 KB (  1%) free+waste,    22.19 KB ( <1%) overhead. 

Virtual space:
  Non-class space:       22.00 MB reserved,      12.25 MB ( 56%) committed 
      Class space:        1.00 GB reserved,       1.38 MB ( <1%) committed 
             Both:        1.02 GB reserved,      13.63 MB (  1%) committed 

Chunk freelists:
   Non-Class:  32.00 KB
       Class:  22.00 KB
        Both:  54.00 KB

MaxMetaspaceSize: 17179869184.00 GB
CompressedClassSpaceSize: 1.00 GB

CodeHeap 'non-profiled nmethods': size=120000Kb used=235Kb max_used=235Kb free=119764Kb
 bounds [0x00000213a9900000, 0x00000213a9b70000, 0x00000213b0e30000]
CodeHeap 'profiled nmethods': size=120000Kb used=1383Kb max_used=1383Kb free=118616Kb
 bounds [0x00000213a23d0000, 0x00000213a2640000, 0x00000213a9900000]
CodeHeap 'non-nmethods': size=5760Kb used=1248Kb max_used=1248Kb free=4512Kb
 bounds [0x00000213a1e30000, 0x00000213a20a0000, 0x00000213a23d0000]
 total_blobs=1370 nmethods=842 adapters=441
 compilation: enabled
              stopped_count=0, restarted_count=0
 full_count=0

Compilation events (20 events):
Event: 6.418 Thread 0x00000213b622b520  832       3       java.security.AccessController::doPrivileged (9 bytes)
Event: 6.419 Thread 0x00000213b622b520 nmethod 832 0x00000213a2525090 code [0x00000213a2525260, 0x00000213a2525578]
Event: 6.440 Thread 0x00000213b622b520  834       3       jdk.internal.math.FDBigInteger::mult (64 bytes)
Event: 6.441 Thread 0x00000213b622b520 nmethod 834 0x00000213a2525710 code [0x00000213a25258c0, 0x00000213a2525b38]
Event: 6.441 Thread 0x00000213b622b520  835       3       jdk.internal.math.FDBigInteger::<init> (30 bytes)
Event: 6.442 Thread 0x00000213b622b520 nmethod 835 0x00000213a2525d10 code [0x00000213a2525ec0, 0x00000213a25260c8]
Event: 6.442 Thread 0x00000213b622b520  836       3       jdk.internal.math.FDBigInteger::trimLeadingZeros (57 bytes)
Event: 6.443 Thread 0x00000213b622b520 nmethod 836 0x00000213a2526210 code [0x00000213a25263c0, 0x00000213a25266b8]
Event: 6.444 Thread 0x00000213b622b520  837       3       jdk.internal.math.FDBigInteger::size (10 bytes)
Event: 6.445 Thread 0x00000213b622b520 nmethod 837 0x00000213a2526810 code [0x00000213a25269a0, 0x00000213a2526a98]
Event: 6.450 Thread 0x00000213b622b520  838       3       jdk.internal.loader.BuiltinClassLoader::loadClassOrNull (7 bytes)
Event: 6.450 Thread 0x00000213b622b520 nmethod 838 0x00000213a2526b10 code [0x00000213a2526cc0, 0x00000213a2526e88]
Event: 6.460 Thread 0x00000213b622b520  841       3       jdk.internal.org.objectweb.asm.ClassReader::<init> (371 bytes)
Event: 6.467 Thread 0x00000213b622b520 nmethod 841 0x00000213a2526f10 code [0x00000213a2527200, 0x00000213a2528578]
Event: 6.467 Thread 0x00000213b622b520  842       3       java.lang.invoke.DirectMethodHandle::preparedLambdaForm (31 bytes)
Event: 6.469 Thread 0x00000213b622b520 nmethod 842 0x00000213a2528b10 code [0x00000213a2528d00, 0x00000213a2529188]
Event: 6.477 Thread 0x00000213b622b520  843       3       java.lang.Character::toLowerCase (9 bytes)
Event: 6.478 Thread 0x00000213b622b520 nmethod 843 0x00000213a2529390 code [0x00000213a2529540, 0x00000213a2529718]
Event: 6.484 Thread 0x00000213b622b520  845       3       java.lang.Class::cast (27 bytes)
Event: 6.485 Thread 0x00000213b622b520 nmethod 845 0x00000213a2529810 code [0x00000213a25299c0, 0x00000213a2529c78]

GC Heap History (2 events):
Event: 6.487 GC heap before
{Heap before GC invocations=0 (full 0):
 garbage-first heap   total 65536K, used 11264K [0x00000000c0e00000, 0x0000000100000000)
  region size 1024K, 12 young (12288K), 0 survivors (0K)
 Metaspace       used 13729K, capacity 13898K, committed 13952K, reserved 1069056K
  class space    used 1316K, capacity 1386K, committed 1408K, reserved 1048576K
}
Event: 6.513 GC heap after
{Heap after GC invocations=1 (full 0):
 garbage-first heap   total 65536K, used 4268K [0x00000000c0e00000, 0x0000000100000000)
  region size 1024K, 2 young (2048K), 2 survivors (2048K)
 Metaspace       used 13729K, capacity 13898K, committed 13952K, reserved 1069056K
  class space    used 1316K, capacity 1386K, committed 1408K, reserved 1048576K
}

Deoptimization events (20 events):
Event: 5.694 Thread 0x00000213b68fb060 DEOPT PACKING pc=0x00000213a992fd04 sp=0x000000d417efe9d0
Event: 5.694 Thread 0x00000213b68fb060 DEOPT UNPACKING pc=0x00000213a1e7e42f sp=0x000000d417efe9b0 mode 2
Event: 6.376 Thread 0x00000213b6880cd0 DEOPT PACKING pc=0x00000213a251b091 sp=0x000000d417dfbe00
Event: 6.376 Thread 0x00000213b6880cd0 DEOPT UNPACKING pc=0x00000213a1e7e23f sp=0x000000d417dfb2f8 mode 0
Event: 6.383 Thread 0x00000213b6880cd0 DEOPT PACKING pc=0x00000213a251b091 sp=0x000000d417dfbe00
Event: 6.383 Thread 0x00000213b6880cd0 DEOPT UNPACKING pc=0x00000213a1e7e23f sp=0x000000d417dfb2f8 mode 0
Event: 6.386 Thread 0x00000213b6880cd0 DEOPT PACKING pc=0x00000213a251b091 sp=0x000000d417dfbe00
Event: 6.386 Thread 0x00000213b6880cd0 DEOPT UNPACKING pc=0x00000213a1e7e23f sp=0x000000d417dfb2f8 mode 0
Event: 6.389 Thread 0x00000213b6880cd0 DEOPT PACKING pc=0x00000213a251b091 sp=0x000000d417dfbe00
Event: 6.389 Thread 0x00000213b6880cd0 DEOPT UNPACKING pc=0x00000213a1e7e23f sp=0x000000d417dfb2f8 mode 0
Event: 6.392 Thread 0x00000213b6880cd0 DEOPT PACKING pc=0x00000213a251b091 sp=0x000000d417dfbe00
Event: 6.393 Thread 0x00000213b6880cd0 DEOPT UNPACKING pc=0x00000213a1e7e23f sp=0x000000d417dfb2f8 mode 0
Event: 6.397 Thread 0x00000213b6880cd0 DEOPT PACKING pc=0x00000213a251b091 sp=0x000000d417dfbe00
Event: 6.397 Thread 0x00000213b6880cd0 DEOPT UNPACKING pc=0x00000213a1e7e23f sp=0x000000d417dfb2f8 mode 0
Event: 6.400 Thread 0x00000213b6880cd0 DEOPT PACKING pc=0x00000213a251b091 sp=0x000000d417dfbe00
Event: 6.400 Thread 0x00000213b6880cd0 DEOPT UNPACKING pc=0x00000213a1e7e23f sp=0x000000d417dfb2f8 mode 0
Event: 6.404 Thread 0x00000213b6880cd0 DEOPT PACKING pc=0x00000213a251b091 sp=0x000000d417dfbe00
Event: 6.404 Thread 0x00000213b6880cd0 DEOPT UNPACKING pc=0x00000213a1e7e23f sp=0x000000d417dfb2f8 mode 0
Event: 6.408 Thread 0x00000213b6880cd0 DEOPT PACKING pc=0x00000213a251b091 sp=0x000000d417dfbe00
Event: 6.408 Thread 0x00000213b6880cd0 DEOPT UNPACKING pc=0x00000213a1e7e23f sp=0x000000d417dfb2f8 mode 0

Classes unloaded (0 events):
No events

Classes redefined (0 events):
No events

Internal exceptions (15 events):
Event: 2.307 Thread 0x000002139e424860 Exception <a 'java/lang/ClassNotFoundException'{0x00000000c4df69b0}: sun/awt/resources/spi/awtProvider> (0x00000000c4df69b0) 
thrown [./open/src/hotspot/share/classfile/systemDictionary.cpp, line 295]
Event: 2.829 Thread 0x000002139e424860 Exception <a 'java/io/FileNotFoundException'{0x00000000c4c58b78}> (0x00000000c4c58b78) 
thrown [./open/src/hotspot/share/prims/jni.cpp, line 578]
Event: 2.881 Thread 0x000002139e424860 Exception <a 'java/io/FileNotFoundException'{0x00000000c4c87658}> (0x00000000c4c87658) 
thrown [./open/src/hotspot/share/prims/jni.cpp, line 578]
Event: 2.886 Thread 0x000002139e424860 Exception <a 'java/lang/NoSuchMethodError'{0x00000000c4c88aa8}: 'java.lang.Object java.lang.invoke.DirectMethodHandle$Holder.invokeStatic(java.lang.Object)'> (0x00000000c4c88aa8) 
thrown [./open/src/hotspot/share/interpreter/linkResolver.cpp, line 782]
Event: 2.951 Thread 0x000002139e424860 Exception <a 'java/lang/NoSuchMethodError'{0x00000000c4c96b98}: 'void java.lang.invoke.DirectMethodHandle$Holder.invokeSpecial(java.lang.Object, java.lang.Object, java.lang.Object)'> (0x00000000c4c96b98) 
thrown [./open/src/hotspot/share/interpreter/linkResolver.cpp, line 782]
Event: 3.889 Thread 0x000002139e424860 Exception <a 'java/lang/NoSuchMethodError'{0x00000000c4867270}: 'java.lang.Object java.lang.invoke.DirectMethodHandle$Holder.invokeStaticInit(java.lang.Object)'> (0x00000000c4867270) 
thrown [./open/src/hotspot/share/interpreter/linkResolver.cpp, line 782]
Event: 4.627 Thread 0x00000213b6880cd0 Exception <a 'java/lang/NoSuchMethodError'{0x00000000c4784940}: 'java.lang.Object java.lang.invoke.DirectMethodHandle$Holder.newInvokeSpecial(java.lang.Object, java.lang.Object, java.lang.Object, java.lang.Object, java.lang.Object)'> (0x00000000c4784940) 
thrown [./open/src/hotspot/share/interpreter/linkResolver.cpp, line 782]
Event: 4.638 Thread 0x00000213b6880cd0 Exception <a 'java/lang/NoSuchMethodError'{0x00000000c4790640}: 'java.lang.Object java.lang.invoke.DirectMethodHandle$Holder.invokeStatic(java.lang.Object, int, java.lang.Object, java.lang.Object, java.lang.Object, java.lang.Object)'> (0x00000000c4790640) 
thrown [./open/src/hotspot/share/interpreter/linkResolver.cpp, line 782]
Event: 4.671 Thread 0x00000213b6880cd0 Exception <a 'java/lang/NoSuchMethodError'{0x00000000c47b68e8}: 'java.lang.Object java.lang.invoke.DirectMethodHandle$Holder.invokeStatic(java.lang.Object, int, java.lang.Object)'> (0x00000000c47b68e8) 
thrown [./open/src/hotspot/share/interpreter/linkResolver.cpp, line 782]
Event: 4.805 Thread 0x00000213b6880cd0 Exception <a 'java/lang/ClassNotFoundException'{0x00000000c466f480}: com/sun/swing/internal/plaf/metal/resources/spi/metalProvider> (0x00000000c466f480) 
thrown [./open/src/hotspot/share/classfile/systemDictionary.cpp, line 295]
Event: 4.811 Thread 0x00000213b6880cd0 Exception <a 'java/lang/ClassNotFoundException'{0x00000000c46737e0}: com/sun/swing/internal/plaf/basic/resources/spi/basicProvider> (0x00000000c46737e0) 
thrown [./open/src/hotspot/share/classfile/systemDictionary.cpp, line 295]
Event: 5.758 Thread 0x00000213b68fb060 Exception <a 'java/lang/NoSuchMethodError'{0x00000000c44462a8}: 'java.lang.Object java.lang.invoke.DirectMethodHandle$Holder.newInvokeSpecial(java.lang.Object, java.lang.Object, java.lang.Object, int, int, int, int, int)'> (0x00000000c44462a8) 
thrown [./open/src/hotspot/share/interpreter/linkResolver.cpp, line 782]
Event: 6.334 Thread 0x00000213b6880cd0 Exception <a 'java/lang/NoSuchMethodError'{0x00000000c43bd9f0}: 'java.lang.Object java.lang.invoke.DirectMethodHandle$Holder.invokeInterface(java.lang.Object, java.lang.Object)'> (0x00000000c43bd9f0) 
thrown [./open/src/hotspot/share/interpreter/linkResolver.cpp, line 782]
Event: 6.455 Thread 0x00000213b6880cd0 Exception <a 'java/lang/NoSuchMethodError'{0x00000000c4248590}: 'void java.lang.invoke.DirectMethodHandle$Holder.invokeStatic(java.lang.Object, java.lang.Object, java.lang.Object)'> (0x00000000c4248590) 
thrown [./open/src/hotspot/share/interpreter/linkResolver.cpp, line 782]
Event: 6.479 Thread 0x00000213b6880cd0 Exception <a 'java/lang/NoSuchMethodError'{0x00000000c4269a88}: 'java.lang.Object java.lang.invoke.DirectMethodHandle$Holder.invokeVirtual(java.lang.Object, java.lang.Object, java.lang.Object)'> (0x00000000c4269a88) 
thrown [./open/src/hotspot/share/interpreter/linkResolver.cpp, line 782]

Events (20 events):
Event: 6.437 loading class jdk/internal/math/FloatingDecimal$PreparedASCIIToBinaryBuffer done
Event: 6.438 loading class jdk/internal/math/FDBigInteger
Event: 6.439 loading class jdk/internal/math/FDBigInteger done
Event: 6.442 loading class java/math/MathContext
Event: 6.443 loading class java/math/MathContext done
Event: 6.447 loading class java/util/Collections$UnmodifiableMap$UnmodifiableEntrySet
Event: 6.448 loading class java/util/Collections$UnmodifiableMap$UnmodifiableEntrySet done
Event: 6.448 loading class java/util/Collections$UnmodifiableMap$UnmodifiableEntrySet$UnmodifiableEntrySetSpliterator
Event: 6.449 loading class java/util/Collections$UnmodifiableMap$UnmodifiableEntrySet$UnmodifiableEntrySetSpliterator done
Event: 6.449 loading class java/util/HashMap$EntrySpliterator
Event: 6.449 loading class java/util/HashMap$EntrySpliterator done
Event: 6.451 loading class java/lang/invoke/DirectMethodHandle$Special
Event: 6.451 loading class java/lang/invoke/DirectMethodHandle$Special done
Event: 6.477 loading class java/util/ArrayList$ArrayListSpliterator
Event: 6.478 loading class java/util/ArrayList$ArrayListSpliterator done
Event: 6.485 loading class java/util/stream/ForEachOps
Event: 6.485 loading class java/util/stream/ForEachOps done
Event: 6.486 loading class java/util/stream/ForEachOps$ForEachOp$OfRef
Event: 6.486 loading class java/util/stream/ForEachOps$ForEachOp
Event: 6.487 Executing VM operation: CollectForMetadataAllocation


Dynamic libraries:
0x00007ff7c1380000 - 0x00007ff7c138d000 	C:\Users\Yogesh\.p2\pool\plugins\org.eclipse.justj.openjdk.hotspot.jre.full.win32.x86_64_15.0.2.v20210201-0955\jre\bin\javaw.exe
0x00007ffef8d40000 - 0x00007ffef8f2d000 	C:\WINDOWS\SYSTEM32\ntdll.dll
0x00007ffef8350000 - 0x00007ffef8403000 	C:\WINDOWS\System32\KERNEL32.DLL
0x00007ffef5830000 - 0x00007ffef5ac5000 	C:\WINDOWS\System32\KERNELBASE.dll
0x00007ffef5b80000 - 0x00007ffef5c7a000 	C:\WINDOWS\System32\ucrtbase.dll
0x00007ffee5320000 - 0x00007ffee5338000 	C:\Users\Yogesh\.p2\pool\plugins\org.eclipse.justj.openjdk.hotspot.jre.full.win32.x86_64_15.0.2.v20210201-0955\jre\bin\jli.dll
0x00007ffee3df0000 - 0x00007ffee3e09000 	C:\Users\Yogesh\.p2\pool\plugins\org.eclipse.justj.openjdk.hotspot.jre.full.win32.x86_64_15.0.2.v20210201-0955\jre\bin\VCRUNTIME140.dll
0x00007ffef8410000 - 0x00007ffef85a7000 	C:\WINDOWS\System32\USER32.dll
0x00007ffef4df0000 - 0x00007ffef4e10000 	C:\WINDOWS\System32\win32u.dll
0x00007ffedf500000 - 0x00007ffedf779000 	C:\WINDOWS\WinSxS\amd64_microsoft.windows.common-controls_6595b64144ccf1df_6.0.17763.1577_none_de7444545348a3d0\COMCTL32.dll
0x00007ffef8740000 - 0x00007ffef8769000 	C:\WINDOWS\System32\GDI32.dll
0x00007ffef6950000 - 0x00007ffef69ee000 	C:\WINDOWS\System32\msvcrt.dll
0x00007ffef5da0000 - 0x00007ffef5f3c000 	C:\WINDOWS\System32\gdi32full.dll
0x00007ffef5c80000 - 0x00007ffef5d20000 	C:\WINDOWS\System32\msvcp_win.dll
0x00007ffef6b10000 - 0x00007ffef6e3d000 	C:\WINDOWS\System32\combase.dll
0x00007ffef85b0000 - 0x00007ffef86d2000 	C:\WINDOWS\System32\RPCRT4.dll
0x00007ffef5d20000 - 0x00007ffef5d9e000 	C:\WINDOWS\System32\bcryptPrimitives.dll
0x00007ffef6260000 - 0x00007ffef628e000 	C:\WINDOWS\System32\IMM32.DLL
0x00007ffeef4c0000 - 0x00007ffeef4cc000 	C:\Users\Yogesh\.p2\pool\plugins\org.eclipse.justj.openjdk.hotspot.jre.full.win32.x86_64_15.0.2.v20210201-0955\jre\bin\vcruntime140_1.dll
0x00007ffee3d50000 - 0x00007ffee3de1000 	C:\Users\Yogesh\.p2\pool\plugins\org.eclipse.justj.openjdk.hotspot.jre.full.win32.x86_64_15.0.2.v20210201-0955\jre\bin\msvcp140.dll
0x00007ffead350000 - 0x00007ffeadeae000 	C:\Users\Yogesh\.p2\pool\plugins\org.eclipse.justj.openjdk.hotspot.jre.full.win32.x86_64_15.0.2.v20210201-0955\jre\bin\server\jvm.dll
0x00007ffef8850000 - 0x00007ffef88f3000 	C:\WINDOWS\System32\ADVAPI32.dll
0x00007ffef69f0000 - 0x00007ffef6a8e000 	C:\WINDOWS\System32\sechost.dll
0x00007ffef6940000 - 0x00007ffef6948000 	C:\WINDOWS\System32\PSAPI.DLL
0x00007ffeeeb50000 - 0x00007ffeeeb59000 	C:\WINDOWS\SYSTEM32\WSOCK32.dll
0x00007ffef8a30000 - 0x00007ffef8a9d000 	C:\WINDOWS\System32\WS2_32.dll
0x00007ffef17d0000 - 0x00007ffef17f4000 	C:\WINDOWS\SYSTEM32\WINMM.dll
0x00007ffee9640000 - 0x00007ffee964a000 	C:\WINDOWS\SYSTEM32\VERSION.dll
0x00007ffef17a0000 - 0x00007ffef17cd000 	C:\WINDOWS\SYSTEM32\WINMMBASE.dll
0x00007ffef5ad0000 - 0x00007ffef5b1a000 	C:\WINDOWS\System32\cfgmgr32.dll
0x00007ffef4dd0000 - 0x00007ffef4de1000 	C:\WINDOWS\System32\kernel.appcore.dll
0x00007ffeeeb40000 - 0x00007ffeeeb4a000 	C:\Users\Yogesh\.p2\pool\plugins\org.eclipse.justj.openjdk.hotspot.jre.full.win32.x86_64_15.0.2.v20210201-0955\jre\bin\jimage.dll
0x00007ffedf840000 - 0x00007ffedfa2d000 	C:\WINDOWS\SYSTEM32\DBGHELP.DLL
0x00007ffedfad0000 - 0x00007ffedfafa000 	C:\WINDOWS\SYSTEM32\dbgcore.DLL
0x00007ffeeeb10000 - 0x00007ffeeeb35000 	C:\Users\Yogesh\.p2\pool\plugins\org.eclipse.justj.openjdk.hotspot.jre.full.win32.x86_64_15.0.2.v20210201-0955\jre\bin\java.dll
0x00007ffeeeaf0000 - 0x00007ffeeeb08000 	C:\Users\Yogesh\.p2\pool\plugins\org.eclipse.justj.openjdk.hotspot.jre.full.win32.x86_64_15.0.2.v20210201-0955\jre\bin\zip.dll
0x00007ffef6e40000 - 0x00007ffef8339000 	C:\WINDOWS\System32\SHELL32.dll
0x00007ffef61b0000 - 0x00007ffef6258000 	C:\WINDOWS\System32\shcore.dll
0x00007ffef4ef0000 - 0x00007ffef5643000 	C:\WINDOWS\System32\windows.storage.dll
0x00007ffef4da0000 - 0x00007ffef4dc4000 	C:\WINDOWS\System32\profapi.dll
0x00007ffef4d20000 - 0x00007ffef4d7d000 	C:\WINDOWS\System32\powrprof.dll
0x00007ffef86e0000 - 0x00007ffef8732000 	C:\WINDOWS\System32\shlwapi.dll
0x00007ffef5f40000 - 0x00007ffef5f57000 	C:\WINDOWS\System32\cryptsp.dll
0x00007ffeae970000 - 0x00007ffeaeaef000 	C:\Users\Yogesh\.p2\pool\plugins\org.eclipse.justj.openjdk.hotspot.jre.full.win32.x86_64_15.0.2.v20210201-0955\jre\bin\awt.dll
0x00007ffef8780000 - 0x00007ffef8844000 	C:\WINDOWS\System32\OLEAUT32.dll
0x00007ffef2f70000 - 0x00007ffef2ffc000 	C:\WINDOWS\SYSTEM32\apphelp.dll
0x00007ffeeead0000 - 0x00007ffeeeae9000 	C:\Users\Yogesh\.p2\pool\plugins\org.eclipse.justj.openjdk.hotspot.jre.full.win32.x86_64_15.0.2.v20210201-0955\jre\bin\net.dll
0x00007ffeeab00000 - 0x00007ffeeabf4000 	C:\WINDOWS\SYSTEM32\WINHTTP.dll
0x00007ffef4590000 - 0x00007ffef45f7000 	C:\WINDOWS\system32\mswsock.dll
0x00007ffeeeab0000 - 0x00007ffeeeac2000 	C:\Users\Yogesh\.p2\pool\plugins\org.eclipse.justj.openjdk.hotspot.jre.full.win32.x86_64_15.0.2.v20210201-0955\jre\bin\nio.dll
0x00007ffef30a0000 - 0x00007ffef313c000 	C:\WINDOWS\system32\uxtheme.dll
0x00007ffef5f60000 - 0x00007ffef60cb000 	C:\WINDOWS\System32\MSCTF.dll
0x00007ffef33a0000 - 0x00007ffef33ce000 	C:\WINDOWS\system32\dwmapi.dll
0x00007ffef5650000 - 0x00007ffef582c000 	C:\WINDOWS\System32\CRYPT32.dll
0x00007ffef4d80000 - 0x00007ffef4d92000 	C:\WINDOWS\System32\MSASN1.dll
0x00007ffef6360000 - 0x00007ffef64b6000 	C:\WINDOWS\System32\ole32.dll
0x00007ffeba0b0000 - 0x00007ffeba1d7000 	C:\WINDOWS\system32\opengl32.dll
0x00007ffee3d20000 - 0x00007ffee3d4c000 	C:\WINDOWS\SYSTEM32\GLU32.dll

dbghelp: loaded successfully - version: 4.0.5 - missing functions: none
symbol engine: initialized successfully - sym options: 0x614 - pdb path: .;C:\Users\Yogesh\.p2\pool\plugins\org.eclipse.justj.openjdk.hotspot.jre.full.win32.x86_64_15.0.2.v20210201-0955\jre\bin;C:\WINDOWS\SYSTEM32;C:\WINDOWS\WinSxS\amd64_microsoft.windows.common-controls_6595b64144ccf1df_6.0.17763.1577_none_de7444545348a3d0;C:\Users\Yogesh\.p2\pool\plugins\org.eclipse.justj.openjdk.hotspot.jre.full.win32.x86_64_15.0.2.v20210201-0955\jre\bin\server

VM Arguments:
jvm_args: -Dfile.encoding=Cp1252 -XX:+ShowCodeDetailsInExceptionMessages 
java_command: main.index
java_class_path (initial): C:\Users\Yogesh\eclipse-workspace\Project\bin;C:\Users\Yogesh\.p2\pool\plugins\org.eclipse.osgi_3.16.100.v20201030-1916.jar;C:\Users\Yogesh\.p2\pool\plugins\org.eclipse.core.commands_3.9.800.v20201021-1339.jar;C:\Users\Yogesh\.p2\pool\plugins\org.eclipse.equinox.common_3.14.0.v20201102-2053.jar;C:\Users\Yogesh\.p2\pool\plugins\org.eclipse.equinox.registry_3.10.0.v20201107-1818.jar;C:\Users\Yogesh\.p2\pool\plugins\org.eclipse.core.runtime_3.20.0.v20201027-1526.jar;C:\Users\Yogesh\.p2\pool\plugins\org.eclipse.text_3.10.400.v20200925-0557.jar;C:\Users\Yogesh\.p2\pool\plugins\org.eclipse.swt.win32.win32.x86_64_3.115.100.v20201202-1103.jar;C:\Users\Yogesh\.p2\pool\plugins\org.eclipse.jface_3.22.0.v20201106-0834.jar;C:\Users\Yogesh\.p2\pool\plugins\org.eclipse.jface.text_3.16.500.v20201112-1545.jar;C:\Users\Yogesh\.p2\pool\plugins\org.eclipse.ui.workbench_3.122.0.v20201122-1345.jar;C:\Users\Yogesh\.p2\pool\plugins\com.ibm.icu_67.1.0.v20200706-1749.jar;C:\Users\Yogesh\.p2\pool\plugins\org.eclipse.ui.forms_3.11.0.v20201025-0656.jar;C:\Users\Yogesh\eclipse-workspace\Project\jgoodies-forms-1.8.0.jar;C:\Program Files (x86)\MySQL\Connector J 8.0\mysql-connector-java-8.0.17.jar;D:\jar_files\json-simple-1.1.1.jar\json-simple-1.1.1.jar;D:\jar_files\jackson-all-1.9.0.jar\jackson-all-1.9.0.jar
Launcher Type: SUN_STANDARD

[Global flags]
     intx CICompilerCount                          = 3                                         {product} {ergonomic}
     uint ConcGCThreads                            = 1                                         {product} {ergonomic}
     uint G1ConcRefinementThreads                  = 4                                         {product} {ergonomic}
   size_t G1HeapRegionSize                         = 1048576                                   {product} {ergonomic}
    uintx GCDrainStackTargetSize                   = 64                                        {product} {ergonomic}
   size_t InitialHeapSize                          = 67108864                                  {product} {ergonomic}
   size_t MarkStackSize                            = 4194304                                   {product} {ergonomic}
   size_t MaxHeapSize                              = 1059061760                                {product} {ergonomic}
   size_t MaxNewSize                               = 635437056                                 {product} {ergonomic}
   size_t MinHeapDeltaBytes                        = 1048576                                   {product} {ergonomic}
   size_t MinHeapSize                              = 8388608                                   {product} {ergonomic}
    uintx NonNMethodCodeHeapSize                   = 5832780                                {pd product} {ergonomic}
    uintx NonProfiledCodeHeapSize                  = 122912730                              {pd product} {ergonomic}
    uintx ProfiledCodeHeapSize                     = 122912730                              {pd product} {ergonomic}
    uintx ReservedCodeCacheSize                    = 251658240                              {pd product} {ergonomic}
     bool SegmentedCodeCache                       = true                                      {product} {ergonomic}
     bool ShowCodeDetailsInExceptionMessages       = true                                   {manageable} {command line}
   size_t SoftMaxHeapSize                          = 1059061760                             {manageable} {ergonomic}
     bool UseCompressedClassPointers               = true                                 {lp64_product} {ergonomic}
     bool UseCompressedOops                        = true                                 {lp64_product} {ergonomic}
     bool UseG1GC                                  = true                                      {product} {ergonomic}
     bool UseLargePagesIndividualAllocation        = false                                  {pd product} {ergonomic}

Logging:
Log output configuration:
 #0: stdout all=warning uptime,level,tags
 #1: stderr all=off uptime,level,tags

Environment Variables:
PATH=C:/Users/Yogesh/.p2/pool/plugins/org.eclipse.justj.openjdk.hotspot.jre.full.win32.x86_64_15.0.2.v20210201-0955/jre/bin/server;C:/Users/Yogesh/.p2/pool/plugins/org.eclipse.justj.openjdk.hotspot.jre.full.win32.x86_64_15.0.2.v20210201-0955/jre/bin;C:\oraclexe\app\oracle\product\10.2.0\server\bin;C:\Program Files (x86)\Java\jdk1.8.0_162\bin;C:\Program Files (x86)\Common Files\Oracle\Java\javapath;C:\ProgramData\Oracle\Java\javapath;C:\WINDOWS\system32;C:\WINDOWS;C:\WINDOWS\System32\Wbem;C:\WINDOWS\System32\WindowsPowerShell\v1.0\;C:\WINDOWS\System32\OpenSSH\;C:\Program Files (x86)\Java\jdk1.8.0_162\bin;C:\Program Files (x86)\Java\jre1.8.0_162\bin;C:\Program Files\Git\cmd;C:\ProgramData\chocolatey\bin;C:\Program Files (x86)\nodejs\;C:\Program Files (x86)\Java\jre1.8.0_281\lib\ext\;C:\Users\Yogesh\AppData\Roaming\npm;C:\Users\Yogesh\AppData\Roaming\npm\node_modules\@angular\cli\bin;C:\Program Files\MySQL\MySQL Shell 8.0\bin\;C:\WINDOWS\System32;
USERNAME=Yogesh
OS=Windows_NT
PROCESSOR_IDENTIFIER=Intel64 Family 6 Model 42 Stepping 7, GenuineIntel



---------------  S Y S T E M  ---------------

OS:
 Windows 10 , 64 bit Build 17763 (10.0.17763.475)
OS uptime: 6 days 1:36 hours

CPU: total 4 (initial active 4) (2 cores per cpu, 2 threads per core) family 6 model 42 stepping 7 microcode 0x2f, cmov, cx8, fxsr, mmx, sse, sse2, sse3, ssse3, sse4.1, sse4.2, popcnt, vzeroupper, avx, aes, clmul, ht, tsc, tscinvbit, clflush

Memory: 4k page, system-wide physical 4039M (390M free)
TotalPageFile size 16327M (AvailPageFile size 1M)
current process WorkingSet (physical memory assigned to process): 68M, peak: 68M
current process commit charge ("private bytes"): 146M, peak: 147M

vm_info: OpenJDK 64-Bit Server VM (15.0.2+7-27) for windows-amd64 JRE (15.0.2+7-27), built on Dec  7 2020 20:02:38 by "mach5one" with unknown MS VC++:1925

END.
