#
# There is insufficient memory for the Java Runtime Environment to continue.
# Native memory allocation (malloc) failed to allocate 1048576 bytes for AllocateHeap
# Possible reasons:
#   The system is out of physical RAM or swap space
#   The process is running with CompressedOops enabled, and the Java Heap may be blocking the growth of the native heap
# Possible solutions:
#   Reduce memory load on the system
#   Increase physical memory or swap space
#   Check if swap backing store is full
#   Decrease Java heap size (-Xmx/-Xms)
#   Decrease number of Java threads
#   Decrease Java thread stack sizes (-Xss)
#   Set larger code cache with -XX:ReservedCodeCacheSize=
#   JVM is running with Unscaled Compressed Oops mode in which the Java heap is
#     placed in the first 4GB address space. The Java Heap base address is the
#     maximum limit for the native heap growth. Please use -XX:HeapBaseMinAddress
#     to set the Java Heap base and to place the Java Heap above 4GB virtual address.
# This output file may be truncated or incomplete.
#
#  Out of Memory Error (./open/src/hotspot/share/memory/allocation.cpp:44), pid=17304, tid=9468
#
# JRE version: OpenJDK Runtime Environment (15.0.2+7) (build 15.0.2+7-27)
# Java VM: OpenJDK 64-Bit Server VM (15.0.2+7-27, mixed mode, tiered, compressed oops, g1 gc, windows-amd64)
# No core dump will be written. Minidumps are not enabled by default on client versions of Windows
#

---------------  S U M M A R Y ------------

Command Line: -Dfile.encoding=Cp1252 -XX:+ShowCodeDetailsInExceptionMessages main.index

Host: Intel(R) Core(TM) i5-2450M CPU @ 2.50GHz, 4 cores, 3G,  Windows 10 , 64 bit Build 17763 (10.0.17763.475)
Time: Wed Jun  9 23:47:20 2021 Pacific Daylight Time elapsed time: 0.726769 seconds (0d 0h 0m 0s)

---------------  T H R E A D  ---------------

Current thread (0x0000022cc8c88210):  VMThread "VM Thread" [stack: 0x000000ef66300000,0x000000ef66400000] [id=9468]

Stack: [0x000000ef66300000,0x000000ef66400000]
[error occurred during error reporting (printing stack bounds), id 0xc0000005, EXCEPTION_ACCESS_VIOLATION (0xc0000005) at pc=0x0000022cb52110ad]

Native frames: (J=compiled Java code, j=interpreted, Vv=VM code, C=native code)
V  [jvm.dll+0x62ae9a]
V  [jvm.dll+0x7817a9]
V  [jvm.dll+0x782f03]
V  [jvm.dll+0x7834c5]
V  [jvm.dll+0x78347b]
V  [jvm.dll+0x62a2b9]
V  [jvm.dll+0x62aa88]
C  [ntdll.dll+0xa41bf]
C  [ntdll.dll+0x4bef]
C  [ntdll.dll+0xa2f2e]
C  0x0000022cb52110ad

VM_Operation (0x000000ef65dfcfd0): CollectForMetadataAllocation, mode: safepoint, requested by thread 0x0000022cb1804ed0


---------------  P R O C E S S  ---------------

Threads class SMR info:
_java_thread_list=0x0000022cc9786cf0, length=11, elements={
0x0000022cb1804ed0, 0x0000022cc8cbe010, 0x0000022cc8cbe9d0, 0x0000022cc8ce20b0,
0x0000022cc8ce4980, 0x0000022cc8ce5240, 0x0000022cc95fd5a0, 0x0000022cc9610c80,
0x0000022cc8cee750, 0x0000022cc97940a0, 0x0000022cc97ad300
}

Java Threads: ( => current thread )
  0x0000022cb1804ed0 JavaThread "main" [_thread_blocked, id=10728, stack(0x000000ef65d00000,0x000000ef65e00000)]
  0x0000022cc8cbe010 JavaThread "Reference Handler" daemon [_thread_blocked, id=15276, stack(0x000000ef66400000,0x000000ef66500000)]
  0x0000022cc8cbe9d0 JavaThread "Finalizer" daemon [_thread_blocked, id=9476, stack(0x000000ef66500000,0x000000ef66600000)]
  0x0000022cc8ce20b0 JavaThread "Signal Dispatcher" daemon [_thread_blocked, id=14624, stack(0x000000ef66600000,0x000000ef66700000)]
  0x0000022cc8ce4980 JavaThread "Attach Listener" daemon [_thread_blocked, id=12940, stack(0x000000ef66700000,0x000000ef66800000)]
  0x0000022cc8ce5240 JavaThread "Service Thread" daemon [_thread_blocked, id=17032, stack(0x000000ef66800000,0x000000ef66900000)]
  0x0000022cc95fd5a0 JavaThread "C2 CompilerThread0" daemon [_thread_blocked, id=568, stack(0x000000ef66900000,0x000000ef66a00000)]
  0x0000022cc9610c80 JavaThread "C1 CompilerThread0" daemon [_thread_blocked, id=8136, stack(0x000000ef66a00000,0x000000ef66b00000)]
  0x0000022cc8cee750 JavaThread "Sweeper thread" daemon [_thread_blocked, id=1044, stack(0x000000ef66b00000,0x000000ef66c00000)]
  0x0000022cc97940a0 JavaThread "Notification Thread" daemon [_thread_blocked, id=12508, stack(0x000000ef66c00000,0x000000ef66d00000)]
  0x0000022cc97ad300 JavaThread "Common-Cleaner" daemon [_thread_blocked, id=16296, stack(0x000000ef66e00000,0x000000ef66f00000)]

Other Threads:
=>0x0000022cc8c88210 VMThread "VM Thread" [stack: 0x000000ef66300000,0x000000ef66400000] [id=9468]
  0x0000022cc9794570 WatcherThread [stack: 0x000000ef66d00000,0x000000ef66e00000] [id=12864]
  0x0000022cb18351b0 GCTaskThread "GC Thread#0" [stack: 0x000000ef65e00000,0x000000ef65f00000] [id=10596]
  0x0000022cc97adb50 GCTaskThread "GC Thread#1" [stack: 0x000000ef66f00000,0x000000ef67000000] [id=12572]
  0x0000022cb183ed90 ConcurrentGCThread "G1 Main Marker" [stack: 0x000000ef65f00000,0x000000ef66000000] [id=17272]
  0x0000022cb18418b0 ConcurrentGCThread "G1 Conc#0" [stack: 0x000000ef66000000,0x000000ef66100000] [id=7800]
  0x0000022cb1896490 ConcurrentGCThread "G1 Refine#0" [stack: 0x000000ef66100000,0x000000ef66200000] [id=13476]
  0x0000022cb1896ce0 ConcurrentGCThread "G1 Young RemSet Sampling" [stack: 0x000000ef66200000,0x000000ef66300000] [id=5752]

Threads with active compile tasks:
C1 CompilerThread0      765   83       3       java.lang.String::hashCode (60 bytes)

VM state: at safepoint (normal execution)

VM Mutex/Monitor currently owned by a thread:  ([mutex/lock_event])
[0x0000022cb1801ec0] Threads_lock - owner thread: 0x0000022cc8c88210
[0x0000022cb1802190] Heap_lock - owner thread: 0x0000022cb1804ed0

Heap address: 0x00000000c0e00000, size: 1010 MB, Compressed Oops mode: 32-bit
CDS disabled.
Compressed class space mapped at: 0x0000000100000000-0x0000000140000000, size: 1073741824
Narrow klass base: 0x0000000000000000, Narrow klass shift: 3, Narrow klass range: 0x140000000

GC Precious Log:
 CPUs: 4 total, 4 available
 Memory: 4039M
 Large Page Support: Disabled
 NUMA Support: Disabled
 Compressed Oops: Enabled (32-bit)
 Heap Region Size: 1M
 Heap Min Capacity: 8M
 Heap Initial Capacity: 64M
 Heap Max Capacity: 1010M
 Pre-touch: Disabled
 Parallel Workers: 4
 Concurrent Workers: 1
 Concurrent Refinement Workers: 4
 Periodic GC: Disabled

Heap:
 garbage-first heap   total 65536K, used 555K [0x00000000c0e00000, 0x0000000100000000)
  region size 1024K, 1 young (1024K), 1 survivors (1024K)
 Metaspace       used 3708K, capacity 4482K, committed 4608K, reserved 1067008K
  class space    used 305K, capacity 386K, committed 512K, reserved 1048576K

Heap Regions: E=young(eden), S=young(survivor), O=old, HS=humongous(starts), HC=humongous(continues), CS=collection set, F=free, OA=open archive, CA=closed archive, TAMS=top-at-mark-start (previous, next)
|   0|0x00000000c0e00000, 0x00000000c0e00000, 0x00000000c0f00000|  0%| F|  |TAMS 0x00000000c0e00000, 0x00000000c0e00000| Untracked 
|   1|0x00000000c0f00000, 0x00000000c0f00000, 0x00000000c1000000|  0%| F|  |TAMS 0x00000000c0f00000, 0x00000000c0f00000| Untracked 
|   2|0x00000000c1000000, 0x00000000c1000000, 0x00000000c1100000|  0%| F|  |TAMS 0x00000000c1000000, 0x00000000c1000000| Untracked 
|   3|0x00000000c1100000, 0x00000000c1100000, 0x00000000c1200000|  0%| F|  |TAMS 0x00000000c1100000, 0x00000000c1100000| Untracked 
|   4|0x00000000c1200000, 0x00000000c1200000, 0x00000000c1300000|  0%| F|  |TAMS 0x00000000c1200000, 0x00000000c1200000| Untracked 
|   5|0x00000000c1300000, 0x00000000c1300000, 0x00000000c1400000|  0%| F|  |TAMS 0x00000000c1300000, 0x00000000c1300000| Untracked 
|   6|0x00000000c1400000, 0x00000000c1400000, 0x00000000c1500000|  0%| F|  |TAMS 0x00000000c1400000, 0x00000000c1400000| Untracked 
|   7|0x00000000c1500000, 0x00000000c1500000, 0x00000000c1600000|  0%| F|  |TAMS 0x00000000c1500000, 0x00000000c1500000| Untracked 
|   8|0x00000000c1600000, 0x00000000c1600000, 0x00000000c1700000|  0%| F|  |TAMS 0x00000000c1600000, 0x00000000c1600000| Untracked 
|   9|0x00000000c1700000, 0x00000000c1700000, 0x00000000c1800000|  0%| F|  |TAMS 0x00000000c1700000, 0x00000000c1700000| Untracked 
|  10|0x00000000c1800000, 0x00000000c1800000, 0x00000000c1900000|  0%| F|  |TAMS 0x00000000c1800000, 0x00000000c1800000| Untracked 
|  11|0x00000000c1900000, 0x00000000c1900000, 0x00000000c1a00000|  0%| F|  |TAMS 0x00000000c1900000, 0x00000000c1900000| Untracked 
|  12|0x00000000c1a00000, 0x00000000c1a00000, 0x00000000c1b00000|  0%| F|  |TAMS 0x00000000c1a00000, 0x00000000c1a00000| Untracked 
|  13|0x00000000c1b00000, 0x00000000c1b00000, 0x00000000c1c00000|  0%| F|  |TAMS 0x00000000c1b00000, 0x00000000c1b00000| Untracked 
|  14|0x00000000c1c00000, 0x00000000c1c00000, 0x00000000c1d00000|  0%| F|  |TAMS 0x00000000c1c00000, 0x00000000c1c00000| Untracked 
|  15|0x00000000c1d00000, 0x00000000c1d00000, 0x00000000c1e00000|  0%| F|  |TAMS 0x00000000c1d00000, 0x00000000c1d00000| Untracked 
|  16|0x00000000c1e00000, 0x00000000c1e00000, 0x00000000c1f00000|  0%| F|  |TAMS 0x00000000c1e00000, 0x00000000c1e00000| Untracked 
|  17|0x00000000c1f00000, 0x00000000c1f00000, 0x00000000c2000000|  0%| F|  |TAMS 0x00000000c1f00000, 0x00000000c1f00000| Untracked 
|  18|0x00000000c2000000, 0x00000000c2000000, 0x00000000c2100000|  0%| F|  |TAMS 0x00000000c2000000, 0x00000000c2000000| Untracked 
|  19|0x00000000c2100000, 0x00000000c2100000, 0x00000000c2200000|  0%| F|  |TAMS 0x00000000c2100000, 0x00000000c2100000| Untracked 
|  20|0x00000000c2200000, 0x00000000c2200000, 0x00000000c2300000|  0%| F|  |TAMS 0x00000000c2200000, 0x00000000c2200000| Untracked 
|  21|0x00000000c2300000, 0x00000000c2300000, 0x00000000c2400000|  0%| F|  |TAMS 0x00000000c2300000, 0x00000000c2300000| Untracked 
|  22|0x00000000c2400000, 0x00000000c2400000, 0x00000000c2500000|  0%| F|  |TAMS 0x00000000c2400000, 0x00000000c2400000| Untracked 
|  23|0x00000000c2500000, 0x00000000c2500000, 0x00000000c2600000|  0%| F|  |TAMS 0x00000000c2500000, 0x00000000c2500000| Untracked 
|  24|0x00000000c2600000, 0x00000000c2600000, 0x00000000c2700000|  0%| F|  |TAMS 0x00000000c2600000, 0x00000000c2600000| Untracked 
|  25|0x00000000c2700000, 0x00000000c2700000, 0x00000000c2800000|  0%| F|  |TAMS 0x00000000c2700000, 0x00000000c2700000| Untracked 
|  26|0x00000000c2800000, 0x00000000c2800000, 0x00000000c2900000|  0%| F|  |TAMS 0x00000000c2800000, 0x00000000c2800000| Untracked 
|  27|0x00000000c2900000, 0x00000000c2900000, 0x00000000c2a00000|  0%| F|  |TAMS 0x00000000c2900000, 0x00000000c2900000| Untracked 
|  28|0x00000000c2a00000, 0x00000000c2a00000, 0x00000000c2b00000|  0%| F|  |TAMS 0x00000000c2a00000, 0x00000000c2a00000| Untracked 
|  29|0x00000000c2b00000, 0x00000000c2b00000, 0x00000000c2c00000|  0%| F|  |TAMS 0x00000000c2b00000, 0x00000000c2b00000| Untracked 
|  30|0x00000000c2c00000, 0x00000000c2c00000, 0x00000000c2d00000|  0%| F|  |TAMS 0x00000000c2c00000, 0x00000000c2c00000| Untracked 
|  31|0x00000000c2d00000, 0x00000000c2d00000, 0x00000000c2e00000|  0%| F|  |TAMS 0x00000000c2d00000, 0x00000000c2d00000| Untracked 
|  32|0x00000000c2e00000, 0x00000000c2e00000, 0x00000000c2f00000|  0%| F|  |TAMS 0x00000000c2e00000, 0x00000000c2e00000| Untracked 
|  33|0x00000000c2f00000, 0x00000000c2f00000, 0x00000000c3000000|  0%| F|  |TAMS 0x00000000c2f00000, 0x00000000c2f00000| Untracked 
|  34|0x00000000c3000000, 0x00000000c3000000, 0x00000000c3100000|  0%| F|  |TAMS 0x00000000c3000000, 0x00000000c3000000| Untracked 
|  35|0x00000000c3100000, 0x00000000c3100000, 0x00000000c3200000|  0%| F|  |TAMS 0x00000000c3100000, 0x00000000c3100000| Untracked 
|  36|0x00000000c3200000, 0x00000000c3200000, 0x00000000c3300000|  0%| F|  |TAMS 0x00000000c3200000, 0x00000000c3200000| Untracked 
|  37|0x00000000c3300000, 0x00000000c3300000, 0x00000000c3400000|  0%| F|  |TAMS 0x00000000c3300000, 0x00000000c3300000| Untracked 
|  38|0x00000000c3400000, 0x00000000c3400000, 0x00000000c3500000|  0%| F|  |TAMS 0x00000000c3400000, 0x00000000c3400000| Untracked 
|  39|0x00000000c3500000, 0x00000000c3500000, 0x00000000c3600000|  0%| F|  |TAMS 0x00000000c3500000, 0x00000000c3500000| Untracked 
|  40|0x00000000c3600000, 0x00000000c3600000, 0x00000000c3700000|  0%| F|  |TAMS 0x00000000c3600000, 0x00000000c3600000| Untracked 
|  41|0x00000000c3700000, 0x00000000c3700000, 0x00000000c3800000|  0%| F|  |TAMS 0x00000000c3700000, 0x00000000c3700000| Untracked 
|  42|0x00000000c3800000, 0x00000000c3800000, 0x00000000c3900000|  0%| F|  |TAMS 0x00000000c3800000, 0x00000000c3800000| Untracked 
|  43|0x00000000c3900000, 0x00000000c3900000, 0x00000000c3a00000|  0%| F|  |TAMS 0x00000000c3900000, 0x00000000c3900000| Untracked 
|  44|0x00000000c3a00000, 0x00000000c3a00000, 0x00000000c3b00000|  0%| F|  |TAMS 0x00000000c3a00000, 0x00000000c3a00000| Untracked 
|  45|0x00000000c3b00000, 0x00000000c3b00000, 0x00000000c3c00000|  0%| F|  |TAMS 0x00000000c3b00000, 0x00000000c3b00000| Untracked 
|  46|0x00000000c3c00000, 0x00000000c3c00000, 0x00000000c3d00000|  0%| F|  |TAMS 0x00000000c3c00000, 0x00000000c3c00000| Untracked 
|  47|0x00000000c3d00000, 0x00000000c3d00000, 0x00000000c3e00000|  0%| F|  |TAMS 0x00000000c3d00000, 0x00000000c3d00000| Untracked 
|  48|0x00000000c3e00000, 0x00000000c3e00000, 0x00000000c3f00000|  0%| F|  |TAMS 0x00000000c3e00000, 0x00000000c3e00000| Untracked 
|  49|0x00000000c3f00000, 0x00000000c3f00000, 0x00000000c4000000|  0%| F|  |TAMS 0x00000000c3f00000, 0x00000000c3f00000| Untracked 
|  50|0x00000000c4000000, 0x00000000c4000000, 0x00000000c4100000|  0%| F|  |TAMS 0x00000000c4000000, 0x00000000c4000000| Untracked 
|  51|0x00000000c4100000, 0x00000000c4100000, 0x00000000c4200000|  0%| F|  |TAMS 0x00000000c4100000, 0x00000000c4100000| Untracked 
|  52|0x00000000c4200000, 0x00000000c4200000, 0x00000000c4300000|  0%| F|  |TAMS 0x00000000c4200000, 0x00000000c4200000| Untracked 
|  53|0x00000000c4300000, 0x00000000c4300000, 0x00000000c4400000|  0%| F|  |TAMS 0x00000000c4300000, 0x00000000c4300000| Untracked 
|  54|0x00000000c4400000, 0x00000000c4400000, 0x00000000c4500000|  0%| F|  |TAMS 0x00000000c4400000, 0x00000000c4400000| Untracked 
|  55|0x00000000c4500000, 0x00000000c4500000, 0x00000000c4600000|  0%| F|  |TAMS 0x00000000c4500000, 0x00000000c4500000| Untracked 
|  56|0x00000000c4600000, 0x00000000c4600000, 0x00000000c4700000|  0%| F|  |TAMS 0x00000000c4600000, 0x00000000c4600000| Untracked 
|  57|0x00000000c4700000, 0x00000000c4700000, 0x00000000c4800000|  0%| F|  |TAMS 0x00000000c4700000, 0x00000000c4700000| Untracked 
|  58|0x00000000c4800000, 0x00000000c4800000, 0x00000000c4900000|  0%| F|  |TAMS 0x00000000c4800000, 0x00000000c4800000| Untracked 
|  59|0x00000000c4900000, 0x00000000c4900000, 0x00000000c4a00000|  0%| F|  |TAMS 0x00000000c4900000, 0x00000000c4900000| Untracked 
|  60|0x00000000c4a00000, 0x00000000c4a00000, 0x00000000c4b00000|  0%| F|  |TAMS 0x00000000c4a00000, 0x00000000c4a00000| Untracked 
|  61|0x00000000c4b00000, 0x00000000c4b00000, 0x00000000c4c00000|  0%| F|  |TAMS 0x00000000c4b00000, 0x00000000c4b00000| Untracked 
|  62|0x00000000c4c00000, 0x00000000c4c8ac60, 0x00000000c4d00000| 54%| S|CS|TAMS 0x00000000c4c00000, 0x00000000c4c00000| Complete 
|  63|0x00000000c4d00000, 0x00000000c4d00000, 0x00000000c4e00000|  0%| F|  |TAMS 0x00000000c4d00000, 0x00000000c4d00000| Untracked 

Card table byte_map: [0x0000022cc4410000,0x0000022cc4610000] _byte_map_base: 0x0000022cc3e09000

Marking Bits (Prev, Next): (CMBitMap*) 0x0000022cb1835930, (CMBitMap*) 0x0000022cb1835970
 Prev Bits: [0x0000022cc4810000, 0x0000022cc57d8000)
 Next Bits: [0x0000022cc57e0000, 0x0000022cc67a8000)

Polling page: 0x0000022caf7a0000

Metaspace:

Usage:
  Non-class:      4.00 MB capacity,     3.32 MB ( 83%) used,   693.73 KB ( 17%) free+waste,    64 bytes ( <1%) overhead. 
      Class:    386.00 KB capacity,   305.98 KB ( 79%) used,    79.90 KB ( 21%) free+waste,   128 bytes ( <1%) overhead. 
       Both:      4.38 MB capacity,     3.62 MB ( 83%) used,   773.63 KB ( 17%) free+waste,   192 bytes ( <1%) overhead. 

Virtual space:
  Non-class space:       18.00 MB reserved,       4.00 MB ( 22%) committed 
      Class space:        1.00 GB reserved,     512.00 KB ( <1%) committed 
             Both:        1.02 GB reserved,       4.50 MB ( <1%) committed 

Chunk freelists:
   Non-Class:  0 bytes
       Class:  0 bytes
        Both:  0 bytes

MaxMetaspaceSize: 17179869184.00 GB
CompressedClassSpaceSize: 1.00 GB

CodeHeap 'non-profiled nmethods': size=120000Kb used=17Kb max_used=17Kb free=119982Kb
 bounds [0x0000022cbcce0000, 0x0000022cbcf50000, 0x0000022cc4210000]
CodeHeap 'profiled nmethods': size=120000Kb used=105Kb max_used=105Kb free=119894Kb
 bounds [0x0000022cb57b0000, 0x0000022cb5a20000, 0x0000022cbcce0000]
CodeHeap 'non-nmethods': size=5760Kb used=1044Kb max_used=1055Kb free=4715Kb
 bounds [0x0000022cb5210000, 0x0000022cb5480000, 0x0000022cb57b0000]
 total_blobs=346 nmethods=82 adapters=177
 compilation: enabled
              stopped_count=0, restarted_count=0
 full_count=0

Compilation events (20 events):
Event: 0.647 Thread 0x0000022cc9610c80 nmethod 72 0x0000022cb57c6990 code [0x0000022cb57c6b80, 0x0000022cb57c70f8]
Event: 0.648 Thread 0x0000022cc9610c80   73       3       java.util.HashMap::resize (356 bytes)
Event: 0.652 Thread 0x0000022cc9610c80 nmethod 73 0x0000022cb57c7310 code [0x0000022cb57c75c0, 0x0000022cb57c89e8]
Event: 0.652 Thread 0x0000022cc9610c80   74       1       java.lang.module.ModuleDescriptor::isOpen (5 bytes)
Event: 0.652 Thread 0x0000022cc9610c80 nmethod 74 0x0000022cbcce3590 code [0x0000022cbcce3720, 0x0000022cbcce37d8]
Event: 0.652 Thread 0x0000022cc95fd5a0   75       4       java.lang.String::hashCode (60 bytes)
Event: 0.653 Thread 0x0000022cc9610c80   76       3       java.util.HashMap::putIfAbsent (13 bytes)
Event: 0.653 Thread 0x0000022cc9610c80 nmethod 76 0x0000022cb57c8e90 code [0x0000022cb57c9040, 0x0000022cb57c9338]
Event: 0.654 Thread 0x0000022cc9610c80   78       1       java.lang.Module::getDescriptor (5 bytes)
Event: 0.654 Thread 0x0000022cc9610c80 nmethod 78 0x0000022cbcce3c90 code [0x0000022cbcce3e20, 0x0000022cbcce3ed8]
Event: 0.655 Thread 0x0000022cc9610c80   79       3       java.util.ImmutableCollections$SetN::iterator (9 bytes)
Event: 0.655 Thread 0x0000022cc9610c80 nmethod 79 0x0000022cb57c9490 code [0x0000022cb57c9640, 0x0000022cb57c97c8]
Event: 0.655 Thread 0x0000022cc9610c80   80       3       java.util.ImmutableCollections$SetN$SetNIterator::<init> (36 bytes)
Event: 0.656 Thread 0x0000022cc9610c80 nmethod 80 0x0000022cb57c9890 code [0x0000022cb57c9a40, 0x0000022cb57c9c38]
Event: 0.667 Thread 0x0000022cc95fd5a0 nmethod 75 0x0000022cbcce3f90 code [0x0000022cbcce4120, 0x0000022cbcce4318]
Event: 0.684 Thread 0x0000022cc9610c80   81       3       java.lang.AbstractStringBuilder::ensureCapacityInternal (39 bytes)
Event: 0.685 Thread 0x0000022cc9610c80 nmethod 81 0x0000022cb57c9d10 code [0x0000022cb57c9ec0, 0x0000022cb57ca0d8]
Event: 0.707 Thread 0x0000022cc9610c80   82       3       java.lang.Math::min (11 bytes)
Event: 0.708 Thread 0x0000022cc9610c80 nmethod 82 0x0000022cb57ca210 code [0x0000022cb57ca3a0, 0x0000022cb57ca4d8]
Event: 0.713 Thread 0x0000022cc9610c80   83       3       java.lang.String::hashCode (60 bytes)

GC Heap History (2 events):
Event: 0.714 GC heap before
{Heap before GC invocations=0 (full 0):
 garbage-first heap   total 65536K, used 0K [0x00000000c0e00000, 0x0000000100000000)
  region size 1024K, 1 young (1024K), 0 survivors (0K)
 Metaspace       used 3708K, capacity 4482K, committed 4608K, reserved 1064960K
  class space    used 305K, capacity 386K, committed 512K, reserved 1048576K
}
Event: 0.721 GC heap after
{Heap after GC invocations=1 (full 0):
 garbage-first heap   total 65536K, used 555K [0x00000000c0e00000, 0x0000000100000000)
  region size 1024K, 1 young (1024K), 1 survivors (1024K)
 Metaspace       used 3708K, capacity 4482K, committed 4608K, reserved 1064960K
  class space    used 305K, capacity 386K, committed 512K, reserved 1048576K
}

Deoptimization events (4 events):
Event: 0.680 Thread 0x0000022cb1804ed0 Uncommon trap: trap_request=0xffffff45 fr.pc=0x0000022cbcce42d0 relative=0x00000000000001b0
Event: 0.680 Thread 0x0000022cb1804ed0 Uncommon trap: reason=unstable_if action=reinterpret pc=0x0000022cbcce42d0 method=java.lang.String.hashCode()I @ 42 c2
Event: 0.680 Thread 0x0000022cb1804ed0 DEOPT PACKING pc=0x0000022cbcce42d0 sp=0x000000ef65dfd360
Event: 0.681 Thread 0x0000022cb1804ed0 DEOPT UNPACKING pc=0x0000022cb525e42f sp=0x000000ef65dfd2f8 mode 2

Classes unloaded (0 events):
No events

Classes redefined (0 events):
No events

Internal exceptions (0 events):
No events

Events (20 events):
Event: 0.709 loading class java/security/PermissionCollection
Event: 0.709 loading class java/security/PermissionCollection done
Event: 0.709 loading class sun/security/util/LazyCodeSourcePermissionCollection done
Event: 0.709 loading class java/security/Permissions
Event: 0.710 loading class java/security/Permissions done
Event: 0.710 loading class java/lang/RuntimePermission
Event: 0.710 loading class java/lang/RuntimePermission done
Event: 0.710 loading class java/security/Permissions$1
Event: 0.711 loading class java/security/Permissions$1 done
Event: 0.711 loading class java/security/BasicPermissionCollection
Event: 0.711 loading class java/security/BasicPermissionCollection done
Event: 0.711 loading class java/security/AllPermission
Event: 0.711 loading class java/security/AllPermission done
Event: 0.711 loading class java/security/UnresolvedPermission
Event: 0.712 loading class java/security/UnresolvedPermission done
Event: 0.712 loading class java/security/SecureClassLoader$DebugHolder
Event: 0.712 loading class java/security/SecureClassLoader$DebugHolder done
Event: 0.712 loading class sun/security/util/Debug
Event: 0.713 loading class sun/security/util/Debug done
Event: 0.714 Executing VM operation: CollectForMetadataAllocation


Dynamic libraries:
0x00007ff793af0000 - 0x00007ff793afd000 	C:\Users\Yogesh\.p2\pool\plugins\org.eclipse.justj.openjdk.hotspot.jre.full.win32.x86_64_15.0.2.v20210201-0955\jre\bin\javaw.exe
0x00007ffd090d0000 - 0x00007ffd092bd000 	C:\WINDOWS\SYSTEM32\ntdll.dll
0x00007ffd062f0000 - 0x00007ffd063a3000 	C:\WINDOWS\System32\KERNEL32.DLL
0x00007ffd05d60000 - 0x00007ffd05ff5000 	C:\WINDOWS\System32\KERNELBASE.dll
0x00007ffd05c10000 - 0x00007ffd05d0a000 	C:\WINDOWS\System32\ucrtbase.dll
0x00007ffd01280000 - 0x00007ffd01298000 	C:\Users\Yogesh\.p2\pool\plugins\org.eclipse.justj.openjdk.hotspot.jre.full.win32.x86_64_15.0.2.v20210201-0955\jre\bin\jli.dll
0x00007ffcff580000 - 0x00007ffcff599000 	C:\Users\Yogesh\.p2\pool\plugins\org.eclipse.justj.openjdk.hotspot.jre.full.win32.x86_64_15.0.2.v20210201-0955\jre\bin\VCRUNTIME140.dll
0x00007ffd06930000 - 0x00007ffd06ac7000 	C:\WINDOWS\System32\USER32.dll
0x00007ffd06220000 - 0x00007ffd06240000 	C:\WINDOWS\System32\win32u.dll
0x00007ffd068f0000 - 0x00007ffd06919000 	C:\WINDOWS\System32\GDI32.dll
0x00007ffd06060000 - 0x00007ffd061fc000 	C:\WINDOWS\System32\gdi32full.dll
0x00007ffcf41a0000 - 0x00007ffcf4419000 	C:\WINDOWS\WinSxS\amd64_microsoft.windows.common-controls_6595b64144ccf1df_6.0.17763.1577_none_de7444545348a3d0\COMCTL32.dll
0x00007ffd05b70000 - 0x00007ffd05c10000 	C:\WINDOWS\System32\msvcp_win.dll
0x00007ffd06b50000 - 0x00007ffd06bee000 	C:\WINDOWS\System32\msvcrt.dll
0x00007ffd063b0000 - 0x00007ffd066dd000 	C:\WINDOWS\System32\combase.dll
0x00007ffd075f0000 - 0x00007ffd07712000 	C:\WINDOWS\System32\RPCRT4.dll
0x00007ffd05360000 - 0x00007ffd053de000 	C:\WINDOWS\System32\bcryptPrimitives.dll
0x00007ffd06bf0000 - 0x00007ffd06c1e000 	C:\WINDOWS\System32\IMM32.DLL
0x00007ffd03b90000 - 0x00007ffd03b9c000 	C:\Users\Yogesh\.p2\pool\plugins\org.eclipse.justj.openjdk.hotspot.jre.full.win32.x86_64_15.0.2.v20210201-0955\jre\bin\vcruntime140_1.dll
0x00007ffcf8c70000 - 0x00007ffcf8d01000 	C:\Users\Yogesh\.p2\pool\plugins\org.eclipse.justj.openjdk.hotspot.jre.full.win32.x86_64_15.0.2.v20210201-0955\jre\bin\msvcp140.dll
0x00007ffcc0e50000 - 0x00007ffcc19ae000 	C:\Users\Yogesh\.p2\pool\plugins\org.eclipse.justj.openjdk.hotspot.jre.full.win32.x86_64_15.0.2.v20210201-0955\jre\bin\server\jvm.dll
0x00007ffd06f70000 - 0x00007ffd07013000 	C:\WINDOWS\System32\ADVAPI32.dll
0x00007ffd07020000 - 0x00007ffd070be000 	C:\WINDOWS\System32\sechost.dll
0x00007ffd06920000 - 0x00007ffd06928000 	C:\WINDOWS\System32\PSAPI.DLL
0x00007ffd03880000 - 0x00007ffd03889000 	C:\WINDOWS\SYSTEM32\WSOCK32.dll
0x00007ffd021b0000 - 0x00007ffd021d4000 	C:\WINDOWS\SYSTEM32\WINMM.dll
0x00007ffd06860000 - 0x00007ffd068cd000 	C:\WINDOWS\System32\WS2_32.dll
0x00007ffcf94b0000 - 0x00007ffcf94ba000 	C:\WINDOWS\SYSTEM32\VERSION.dll
0x00007ffd02090000 - 0x00007ffd020bd000 	C:\WINDOWS\SYSTEM32\WINMMBASE.dll
0x00007ffd05d10000 - 0x00007ffd05d5a000 	C:\WINDOWS\System32\cfgmgr32.dll
0x00007ffd05130000 - 0x00007ffd05141000 	C:\WINDOWS\System32\kernel.appcore.dll
0x00007ffcfc500000 - 0x00007ffcfc50a000 	C:\Users\Yogesh\.p2\pool\plugins\org.eclipse.justj.openjdk.hotspot.jre.full.win32.x86_64_15.0.2.v20210201-0955\jre\bin\jimage.dll
0x00007ffd047f0000 - 0x00007ffd049dd000 	C:\WINDOWS\SYSTEM32\DBGHELP.DLL
0x00007ffd047c0000 - 0x00007ffd047ea000 	C:\WINDOWS\SYSTEM32\dbgcore.DLL
0x00007ffcf1a90000 - 0x00007ffcf1ab5000 	C:\Users\Yogesh\.p2\pool\plugins\org.eclipse.justj.openjdk.hotspot.jre.full.win32.x86_64_15.0.2.v20210201-0955\jre\bin\java.dll
0x00007ffcfc4d0000 - 0x00007ffcfc4e8000 	C:\Users\Yogesh\.p2\pool\plugins\org.eclipse.justj.openjdk.hotspot.jre.full.win32.x86_64_15.0.2.v20210201-0955\jre\bin\zip.dll
0x00007ffd079c0000 - 0x00007ffd08eb9000 	C:\WINDOWS\System32\SHELL32.dll
0x00007ffd07540000 - 0x00007ffd075e8000 	C:\WINDOWS\System32\shcore.dll
0x00007ffd053e0000 - 0x00007ffd05b33000 	C:\WINDOWS\System32\windows.storage.dll
0x00007ffd05150000 - 0x00007ffd05174000 	C:\WINDOWS\System32\profapi.dll
0x00007ffd050d0000 - 0x00007ffd0512d000 	C:\WINDOWS\System32\powrprof.dll
0x00007ffd066f0000 - 0x00007ffd06742000 	C:\WINDOWS\System32\shlwapi.dll
0x00007ffd06200000 - 0x00007ffd06217000 	C:\WINDOWS\System32\cryptsp.dll

dbghelp: loaded successfully - version: 4.0.5 - missing functions: none
symbol engine: initialized successfully - sym options: 0x614 - pdb path: .;C:\Users\Yogesh\.p2\pool\plugins\org.eclipse.justj.openjdk.hotspot.jre.full.win32.x86_64_15.0.2.v20210201-0955\jre\bin;C:\WINDOWS\SYSTEM32;C:\WINDOWS\WinSxS\amd64_microsoft.windows.common-controls_6595b64144ccf1df_6.0.17763.1577_none_de7444545348a3d0;C:\Users\Yogesh\.p2\pool\plugins\org.eclipse.justj.openjdk.hotspot.jre.full.win32.x86_64_15.0.2.v20210201-0955\jre\bin\server

VM Arguments:
jvm_args: -Dfile.encoding=Cp1252 -XX:+ShowCodeDetailsInExceptionMessages 
java_command: main.index
java_class_path (initial): C:\Users\Yogesh\eclipse-workspace\Project\bin;C:\Users\Yogesh\.p2\pool\plugins\org.eclipse.osgi_3.16.100.v20201030-1916.jar;C:\Users\Yogesh\.p2\pool\plugins\org.eclipse.core.commands_3.9.800.v20201021-1339.jar;C:\Users\Yogesh\.p2\pool\plugins\org.eclipse.equinox.common_3.14.0.v20201102-2053.jar;C:\Users\Yogesh\.p2\pool\plugins\org.eclipse.equinox.registry_3.10.0.v20201107-1818.jar;C:\Users\Yogesh\.p2\pool\plugins\org.eclipse.core.runtime_3.20.0.v20201027-1526.jar;C:\Users\Yogesh\.p2\pool\plugins\org.eclipse.text_3.10.400.v20200925-0557.jar;C:\Users\Yogesh\.p2\pool\plugins\org.eclipse.swt.win32.win32.x86_64_3.115.100.v20201202-1103.jar;C:\Users\Yogesh\.p2\pool\plugins\org.eclipse.jface_3.22.0.v20201106-0834.jar;C:\Users\Yogesh\.p2\pool\plugins\org.eclipse.jface.text_3.16.500.v20201112-1545.jar;C:\Users\Yogesh\.p2\pool\plugins\org.eclipse.ui.workbench_3.122.0.v20201122-1345.jar;C:\Users\Yogesh\.p2\pool\plugins\com.ibm.icu_67.1.0.v20200706-1749.jar;C:\Users\Yogesh\.p2\pool\plugins\org.eclipse.ui.forms_3.11.0.v20201025-0656.jar;C:\Users\Yogesh\eclipse-workspace\Project\jgoodies-forms-1.8.0.jar;C:\Program Files (x86)\MySQL\Connector J 8.0\mysql-connector-java-8.0.17.jar
Launcher Type: SUN_STANDARD

[Global flags]
     intx CICompilerCount                          = 3                                         {product} {ergonomic}
     uint ConcGCThreads                            = 1                                         {product} {ergonomic}
     uint G1ConcRefinementThreads                  = 4                                         {product} {ergonomic}
   size_t G1HeapRegionSize                         = 1048576                                   {product} {ergonomic}
    uintx GCDrainStackTargetSize                   = 64                                        {product} {ergonomic}
   size_t InitialHeapSize                          = 67108864                                  {product} {ergonomic}
   size_t MarkStackSize                            = 4194304                                   {product} {ergonomic}
   size_t MaxHeapSize                              = 1059061760                                {product} {ergonomic}
   size_t MaxNewSize                               = 635437056                                 {product} {ergonomic}
   size_t MinHeapDeltaBytes                        = 1048576                                   {product} {ergonomic}
   size_t MinHeapSize                              = 8388608                                   {product} {ergonomic}
    uintx NonNMethodCodeHeapSize                   = 5832780                                {pd product} {ergonomic}
    uintx NonProfiledCodeHeapSize                  = 122912730                              {pd product} {ergonomic}
    uintx ProfiledCodeHeapSize                     = 122912730                              {pd product} {ergonomic}
    uintx ReservedCodeCacheSize                    = 251658240                              {pd product} {ergonomic}
     bool SegmentedCodeCache                       = true                                      {product} {ergonomic}
     bool ShowCodeDetailsInExceptionMessages       = true                                   {manageable} {command line}
   size_t SoftMaxHeapSize                          = 1059061760                             {manageable} {ergonomic}
     bool UseCompressedClassPointers               = true                                 {lp64_product} {ergonomic}
     bool UseCompressedOops                        = true                                 {lp64_product} {ergonomic}
     bool UseG1GC                                  = true                                      {product} {ergonomic}
     bool UseLargePagesIndividualAllocation        = false                                  {pd product} {ergonomic}

Logging:
Log output configuration:
 #0: stdout all=warning uptime,level,tags
 #1: stderr all=off uptime,level,tags

Environment Variables:
PATH=C:/Users/Yogesh/.p2/pool/plugins/org.eclipse.justj.openjdk.hotspot.jre.full.win32.x86_64_15.0.2.v20210201-0955/jre/bin/server;C:/Users/Yogesh/.p2/pool/plugins/org.eclipse.justj.openjdk.hotspot.jre.full.win32.x86_64_15.0.2.v20210201-0955/jre/bin;C:\oraclexe\app\oracle\product\10.2.0\server\bin;C:\Program Files (x86)\Java\jdk1.8.0_162\bin;C:\Program Files (x86)\Common Files\Oracle\Java\javapath;C:\ProgramData\Oracle\Java\javapath;C:\WINDOWS\system32;C:\WINDOWS;C:\WINDOWS\System32\Wbem;C:\WINDOWS\System32\WindowsPowerShell\v1.0\;C:\WINDOWS\System32\OpenSSH\;C:\Program Files (x86)\Java\jdk1.8.0_162\bin;C:\Program Files (x86)\Java\jre1.8.0_162\bin;C:\Program Files\Git\cmd;C:\ProgramData\chocolatey\bin;C:\Program Files (x86)\nodejs\;C:\Program Files (x86)\Java\jre1.8.0_281\lib\ext\;C:\Program Files\MySQL\MySQL Shell 8.0\bin\;C:\WINDOWS\System32;
USERNAME=Yogesh
OS=Windows_NT
PROCESSOR_IDENTIFIER=Intel64 Family 6 Model 42 Stepping 7, GenuineIntel



---------------  S Y S T E M  ---------------

OS:
 Windows 10 , 64 bit Build 17763 (10.0.17763.475)
OS uptime: 10 days 0:13 hours

CPU: total 4 (initial active 4) (2 cores per cpu, 2 threads per core) family 6 model 42 stepping 7 microcode 0x2f, cmov, cx8, fxsr, mmx, sse, sse2, sse3, ssse3, sse4.1, sse4.2, popcnt, vzeroupper, avx, aes, clmul, ht, tsc, tscinvbit, clflush

Memory: 4k page, system-wide physical 4039M (395M free)
TotalPageFile size 16327M (AvailPageFile size 3M)
current process WorkingSet (physical memory assigned to process): 27M, peak: 27M
current process commit charge ("private bytes"): 128M, peak: 129M

vm_info: OpenJDK 64-Bit Server VM (15.0.2+7-27) for windows-amd64 JRE (15.0.2+7-27), built on Dec  7 2020 20:02:38 by "mach5one" with unknown MS VC++:1925

END.
